#
# There is insufficient memory for the Java Runtime Environment to continue.
# Native memory allocation (malloc) failed to allocate 32744 bytes for Chunk::new
# Possible reasons:
#   The process is running with CompressedOops enabled, and the Java Heap may be blocking the growth of the native heap
# Possible solutions:
#   Reduce memory load on the system
#   Increase physical memory or swap space
#   Check if swap backing store is full
#   Decrease Java heap size (-Xmx/-Xms)
#   Decrease number of Java threads
#   Decrease Java thread stack sizes (-Xss)
#   Set larger code cache with -XX:ReservedCodeCacheSize=
#   JVM is running with Unscaled Compressed Oops mode in which the Java heap is
#     placed in the first 4GB address space. The Java Heap base address is the
#     maximum limit for the native heap growth. Please use -XX:HeapBaseMinAddress
#     to set the Java Heap base and to place the Java Heap above 4GB virtual address.
# This output file may be truncated or incomplete.
#
#  Out of Memory Error (arena.cpp:184), pid=14408, tid=16220
#
# JRE version: Java(TM) SE Runtime Environment (18.0.2.1+1) (build 18.0.2.1+1-1)
# Java VM: Java HotSpot(TM) 64-Bit Server VM (18.0.2.1+1-1, mixed mode, sharing, tiered, compressed oops, compressed class ptrs, g1 gc, windows-amd64)
# No core dump will be written. Minidumps are not enabled by default on client versions of Windows
#

---------------  S U M M A R Y ------------

Command Line: -javaagent:C:\Program Files\JetBrains\IntelliJ IDEA Community Edition 2022.3.3\lib\idea_rt.jar=62573:C:\Program Files\JetBrains\IntelliJ IDEA Community Edition 2022.3.3\bin -Dfile.encoding=UTF-8 -Dsun.stdout.encoding=UTF-8 -Dsun.stderr.encoding=UTF-8 com.example.crudApp.CrudAppApplication

Host: Intel(R) Core(TM) i7-7500U CPU @ 2.70GHz, 4 cores, 7G,  Windows 10 , 64 bit Build 18362 (10.0.18362.1500)
Time: Sat Mar 25 21:14:41 2023 Afr. centrale Ouest elapsed time: 14349.061729 seconds (0d 3h 59m 9s)

---------------  T H R E A D  ---------------

Current thread (0x0000021deab795a0):  JavaThread "C2 CompilerThread0" daemon [_thread_in_native, id=16220, stack(0x000000e61ce00000,0x000000e61cf00000)]


Current CompileTask:
C2:14349075 5260       4       com.mongodb.internal.connection.PowerOfTwoBufferPool::getBuffer (14 bytes)

Stack: [0x000000e61ce00000,0x000000e61cf00000]
Native frames: (J=compiled Java code, j=interpreted, Vv=VM code, C=native code)
V  [jvm.dll+0x6993aa]
V  [jvm.dll+0x7f46dd]
V  [jvm.dll+0x7f5fee]
V  [jvm.dll+0x7f66a3]
V  [jvm.dll+0x25cf1f]
V  [jvm.dll+0xb8c2f]
V  [jvm.dll+0xb8fa5]
V  [jvm.dll+0x679056]
V  [jvm.dll+0x838ec]
V  [jvm.dll+0x6afae8]
V  [jvm.dll+0x6a976b]
V  [jvm.dll+0x6a8da5]
V  [jvm.dll+0x6a6c5b]
V  [jvm.dll+0x1bd20c]
V  [jvm.dll+0x2c7038]
V  [jvm.dll+0x6b1688]
V  [jvm.dll+0x6a976b]
V  [jvm.dll+0x6a8da5]
V  [jvm.dll+0x6a6c5b]
V  [jvm.dll+0x1bd20c]
V  [jvm.dll+0x1bddd6]
V  [jvm.dll+0x2c7038]
V  [jvm.dll+0x6b1688]
V  [jvm.dll+0x6a976b]
V  [jvm.dll+0x6a8da5]
V  [jvm.dll+0x6a6c5b]
V  [jvm.dll+0x1bd20c]
V  [jvm.dll+0x22f098]
V  [jvm.dll+0x1ba01c]
V  [jvm.dll+0x23ee0a]
V  [jvm.dll+0x23d0f5]
V  [jvm.dll+0x7a6dd1]
V  [jvm.dll+0x7a120a]
V  [jvm.dll+0x698255]
C  [ucrtbase.dll+0x210b2]
C  [KERNEL32.DLL+0x17c24]
C  [ntdll.dll+0x6d721]


---------------  P R O C E S S  ---------------

Threads class SMR info:
_java_thread_list=0x0000021df0bfabc0, length=32, elements={
0x0000021deab53120, 0x0000021deab54430, 0x0000021deab70860, 0x0000021deab71110,
0x0000021deab72160, 0x0000021deab76930, 0x0000021deab795a0, 0x0000021deab7a770,
0x0000021deab88130, 0x0000021def0375b0, 0x0000021def2b6180, 0x0000021def1f5010,
0x0000021df0108990, 0x0000021deff16c70, 0x0000021df08bb020, 0x0000021df002c020,
0x0000021df09415f0, 0x0000021df0030c30, 0x0000021defd93650, 0x0000021defd94990,
0x0000021defd93180, 0x0000021defd93ff0, 0x0000021df14f6570, 0x0000021df14fa400,
0x0000021df14fbc10, 0x0000021df14fca80, 0x0000021df14f8720, 0x0000021df14f9a60,
0x0000021df14f8bf0, 0x0000021df14f60a0, 0x0000021df14f9590, 0x0000021df14f90c0
}

Java Threads: ( => current thread )
  0x0000021deab53120 JavaThread "Reference Handler" daemon [_thread_blocked, id=12920, stack(0x000000e61c800000,0x000000e61c900000)]
  0x0000021deab54430 JavaThread "Finalizer" daemon [_thread_blocked, id=14564, stack(0x000000e61c900000,0x000000e61ca00000)]
  0x0000021deab70860 JavaThread "Signal Dispatcher" daemon [_thread_blocked, id=14504, stack(0x000000e61ca00000,0x000000e61cb00000)]
  0x0000021deab71110 JavaThread "Attach Listener" daemon [_thread_blocked, id=13016, stack(0x000000e61cb00000,0x000000e61cc00000)]
  0x0000021deab72160 JavaThread "Service Thread" daemon [_thread_blocked, id=13688, stack(0x000000e61cc00000,0x000000e61cd00000)]
  0x0000021deab76930 JavaThread "Monitor Deflation Thread" daemon [_thread_blocked, id=14472, stack(0x000000e61cd00000,0x000000e61ce00000)]
=>0x0000021deab795a0 JavaThread "C2 CompilerThread0" daemon [_thread_in_native, id=16220, stack(0x000000e61ce00000,0x000000e61cf00000)]
  0x0000021deab7a770 JavaThread "C1 CompilerThread0" daemon [_thread_blocked, id=4668, stack(0x000000e61cf00000,0x000000e61d000000)]
  0x0000021deab88130 JavaThread "Sweeper thread" daemon [_thread_blocked, id=7324, stack(0x000000e61d000000,0x000000e61d100000)]
  0x0000021def0375b0 JavaThread "Common-Cleaner" daemon [_thread_blocked, id=508, stack(0x000000e61d100000,0x000000e61d200000)]
  0x0000021def2b6180 JavaThread "Monitor Ctrl-Break" daemon [_thread_in_native, id=14768, stack(0x000000e61d300000,0x000000e61d400000)]
  0x0000021def1f5010 JavaThread "Notification Thread" daemon [_thread_blocked, id=6648, stack(0x000000e61d400000,0x000000e61d500000)]
  0x0000021df0108990 JavaThread "Catalina-utility-1" [_thread_blocked, id=6516, stack(0x000000e61d900000,0x000000e61da00000)]
  0x0000021deff16c70 JavaThread "Catalina-utility-2" [_thread_blocked, id=3124, stack(0x000000e61da00000,0x000000e61db00000)]
  0x0000021df08bb020 JavaThread "container-0" [_thread_blocked, id=8784, stack(0x000000e61db00000,0x000000e61dc00000)]
  0x0000021df002c020 JavaThread "BufferPoolPruner-1-thread-1" daemon [_thread_blocked, id=10856, stack(0x000000e61dd00000,0x000000e61de00000)]
  0x0000021df09415f0 JavaThread "cluster-ClusterId{value='641f1e281613f15b26b6a643', description='null'}-localhost:27017" daemon [_thread_in_native, id=15952, stack(0x000000e61de00000,0x000000e61df00000)]
  0x0000021df0030c30 JavaThread "cluster-rtt-ClusterId{value='641f1e281613f15b26b6a643', description='null'}-localhost:27017" daemon [_thread_in_native, id=15696, stack(0x000000e61df00000,0x000000e61e000000)]
  0x0000021defd93650 JavaThread "MaintenanceTimer-2-thread-1" daemon [_thread_blocked, id=248, stack(0x000000e61e100000,0x000000e61e200000)]
  0x0000021defd94990 JavaThread "http-nio-8080-exec-1" daemon [_thread_blocked, id=4108, stack(0x000000e61e200000,0x000000e61e300000)]
  0x0000021defd93180 JavaThread "http-nio-8080-exec-2" daemon [_thread_blocked, id=14560, stack(0x000000e61e300000,0x000000e61e400000)]
  0x0000021defd93ff0 JavaThread "http-nio-8080-exec-3" daemon [_thread_blocked, id=7140, stack(0x000000e61e400000,0x000000e61e500000)]
  0x0000021df14f6570 JavaThread "http-nio-8080-exec-4" daemon [_thread_blocked, id=14500, stack(0x000000e61e500000,0x000000e61e600000)]
  0x0000021df14fa400 JavaThread "http-nio-8080-exec-5" daemon [_thread_blocked, id=15248, stack(0x000000e61e600000,0x000000e61e700000)]
  0x0000021df14fbc10 JavaThread "http-nio-8080-exec-6" daemon [_thread_blocked, id=5912, stack(0x000000e61e700000,0x000000e61e800000)]
  0x0000021df14fca80 JavaThread "http-nio-8080-exec-7" daemon [_thread_blocked, id=11600, stack(0x000000e61e800000,0x000000e61e900000)]
  0x0000021df14f8720 JavaThread "http-nio-8080-exec-8" daemon [_thread_blocked, id=13968, stack(0x000000e61e900000,0x000000e61ea00000)]
  0x0000021df14f9a60 JavaThread "http-nio-8080-exec-9" daemon [_thread_blocked, id=7380, stack(0x000000e61ea00000,0x000000e61eb00000)]
  0x0000021df14f8bf0 JavaThread "http-nio-8080-exec-10" daemon [_thread_blocked, id=15116, stack(0x000000e61eb00000,0x000000e61ec00000)]
  0x0000021df14f60a0 JavaThread "http-nio-8080-Poller" daemon [_thread_in_native, id=12328, stack(0x000000e61ec00000,0x000000e61ed00000)]
  0x0000021df14f9590 JavaThread "http-nio-8080-Acceptor" daemon [_thread_in_native, id=13784, stack(0x000000e61ed00000,0x000000e61ee00000)]
  0x0000021df14f90c0 JavaThread "DestroyJavaVM" [_thread_blocked, id=8860, stack(0x000000e61c100000,0x000000e61c200000)]

Other Threads:
  0x0000021deab4fa70 VMThread "VM Thread" [stack: 0x000000e61c700000,0x000000e61c800000] [id=4468]
  0x0000021def2c8f20 WatcherThread "VM Periodic Task Thread" [stack: 0x000000e61d500000,0x000000e61d600000] [id=11660]
  0x0000021dcd2e9f60 WorkerThread "GC Thread#0" [stack: 0x000000e61c200000,0x000000e61c300000] [id=13680]
  0x0000021def7a0d80 WorkerThread "GC Thread#1" [stack: 0x000000e61d600000,0x000000e61d700000] [id=7688]
  0x0000021def575d50 WorkerThread "GC Thread#2" [stack: 0x000000e61d700000,0x000000e61d800000] [id=10652]
  0x0000021def7b62f0 WorkerThread "GC Thread#3" [stack: 0x000000e61d800000,0x000000e61d900000] [id=11716]
  0x0000021dcd2fba30 ConcurrentGCThread "G1 Main Marker" [stack: 0x000000e61c300000,0x000000e61c400000] [id=10924]
  0x0000021dcd2fcad0 WorkerThread "G1 Conc#0" [stack: 0x000000e61c400000,0x000000e61c500000] [id=9356]
  0x0000021dcd339f00 ConcurrentGCThread "G1 Refine#0" [stack: 0x000000e61c500000,0x000000e61c600000] [id=9320]
  0x0000021df03777f0 ConcurrentGCThread "G1 Refine#1" [stack: 0x000000e61dc00000,0x000000e61dd00000] [id=15896]
  0x0000021dcd33a720 ConcurrentGCThread "G1 Service" [stack: 0x000000e61c600000,0x000000e61c700000] [id=16048]

Threads with active compile tasks:
C2 CompilerThread0  14349702 5260       4       com.mongodb.internal.connection.PowerOfTwoBufferPool::getBuffer (14 bytes)

VM state: not at safepoint (normal execution)

VM Mutex/Monitor currently owned by a thread: None

Heap address: 0x0000000081c00000, size: 2020 MB, Compressed Oops mode: 32-bit

CDS archive(s) mapped at: [0x0000000800000000-0x0000000800ba0000-0x0000000800ba0000), size 12189696, SharedBaseAddress: 0x0000000800000000, ArchiveRelocationMode: 0.
Compressed class space mapped at: 0x0000000800c00000-0x0000000840c00000, reserved size: 1073741824
Narrow klass base: 0x0000000800000000, Narrow klass shift: 0, Narrow klass range: 0x100000000

GC Precious Log:
 CardTable entry size: 512
 Card Set container configuration: InlinePtr #cards 5 size 8 Array Of Cards #cards 12 size 40 Howl #buckets 4 coarsen threshold 1843 Howl Bitmap #cards 512 size 80 coarsen threshold 460 Card regions per heap region 1 cards per card region 2048
 CPUs: 4 total, 4 available
 Memory: 8072M
 Large Page Support: Disabled
 NUMA Support: Disabled
 Compressed Oops: Enabled (32-bit)
 Heap Region Size: 1M
 Heap Min Capacity: 8M
 Heap Initial Capacity: 128M
 Heap Max Capacity: 2020M
 Pre-touch: Disabled
 Parallel Workers: 4
 Concurrent Workers: 1
 Concurrent Refinement Workers: 4
 Periodic GC: Disabled

Heap:
 garbage-first heap   total 60416K, used 37517K [0x0000000081c00000, 0x0000000100000000)
  region size 1024K, 22 young (22528K), 2 survivors (2048K)
 Metaspace       used 38573K, committed 39104K, reserved 1114112K
  class space    used 4901K, committed 5184K, reserved 1048576K

Heap Regions: E=young(eden), S=young(survivor), O=old, HS=humongous(starts), HC=humongous(continues), CS=collection set, F=free, OA=open archive, CA=closed archive, TAMS=top-at-mark-start (previous, next)
|   0|0x0000000081c00000, 0x0000000081d00000, 0x0000000081d00000|100%| O|  |TAMS 0x0000000081d00000, 0x0000000081c00000| Untracked 
|   1|0x0000000081d00000, 0x0000000081e00000, 0x0000000081e00000|100%| O|  |TAMS 0x0000000081e00000, 0x0000000081d00000| Untracked 
|   2|0x0000000081e00000, 0x0000000081f00000, 0x0000000081f00000|100%| O|  |TAMS 0x0000000081f00000, 0x0000000081e00000| Untracked 
|   3|0x0000000081f00000, 0x0000000082000000, 0x0000000082000000|100%| O|  |TAMS 0x0000000082000000, 0x0000000081f00000| Untracked 
|   4|0x0000000082000000, 0x0000000082100000, 0x0000000082100000|100%| O|  |TAMS 0x0000000082100000, 0x0000000082000000| Untracked 
|   5|0x0000000082100000, 0x0000000082200000, 0x0000000082200000|100%| O|  |TAMS 0x0000000082200000, 0x0000000082100000| Untracked 
|   6|0x0000000082200000, 0x0000000082300000, 0x0000000082300000|100%| O|  |TAMS 0x0000000082300000, 0x0000000082200000| Untracked 
|   7|0x0000000082300000, 0x0000000082400000, 0x0000000082400000|100%| O|  |TAMS 0x0000000082400000, 0x0000000082300000| Untracked 
|   8|0x0000000082400000, 0x0000000082500000, 0x0000000082500000|100%| O|  |TAMS 0x0000000082500000, 0x0000000082400000| Untracked 
|   9|0x0000000082500000, 0x0000000082600000, 0x0000000082600000|100%| O|  |TAMS 0x0000000082600000, 0x0000000082500000| Untracked 
|  10|0x0000000082600000, 0x0000000082700000, 0x0000000082700000|100%| O|  |TAMS 0x0000000082700000, 0x0000000082600000| Untracked 
|  11|0x0000000082700000, 0x0000000082800000, 0x0000000082800000|100%| O|  |TAMS 0x0000000082800000, 0x0000000082700000| Untracked 
|  12|0x0000000082800000, 0x0000000082900000, 0x0000000082900000|100%| O|  |TAMS 0x0000000082900000, 0x0000000082800000| Untracked 
|  13|0x0000000082900000, 0x0000000082a00000, 0x0000000082a00000|100%| O|  |TAMS 0x0000000082a00000, 0x0000000082900000| Untracked 
|  14|0x0000000082a00000, 0x0000000082b00000, 0x0000000082b00000|100%| O|  |TAMS 0x0000000082a52c00, 0x0000000082a00000| Untracked 
|  15|0x0000000082b00000, 0x0000000082c00000, 0x0000000082c00000|100%| O|  |TAMS 0x0000000082b00000, 0x0000000082b00000| Untracked 
|  16|0x0000000082c00000, 0x0000000082c47c00, 0x0000000082d00000| 28%| O|  |TAMS 0x0000000082c00000, 0x0000000082c00000| Untracked 
|  17|0x0000000082d00000, 0x0000000082d00000, 0x0000000082e00000|  0%| F|  |TAMS 0x0000000082d00000, 0x0000000082d00000| Untracked 
|  18|0x0000000082e00000, 0x0000000082e00000, 0x0000000082f00000|  0%| F|  |TAMS 0x0000000082e00000, 0x0000000082e00000| Untracked 
|  19|0x0000000082f00000, 0x0000000082f00000, 0x0000000083000000|  0%| F|  |TAMS 0x0000000082f00000, 0x0000000082f00000| Untracked 
|  20|0x0000000083000000, 0x0000000083000000, 0x0000000083100000|  0%| F|  |TAMS 0x0000000083000000, 0x0000000083000000| Untracked 
|  21|0x0000000083100000, 0x0000000083100000, 0x0000000083200000|  0%| F|  |TAMS 0x0000000083100000, 0x0000000083100000| Untracked 
|  22|0x0000000083200000, 0x0000000083200000, 0x0000000083300000|  0%| F|  |TAMS 0x0000000083200000, 0x0000000083200000| Untracked 
|  23|0x0000000083300000, 0x0000000083300000, 0x0000000083400000|  0%| F|  |TAMS 0x0000000083300000, 0x0000000083300000| Untracked 
|  24|0x0000000083400000, 0x0000000083400000, 0x0000000083500000|  0%| F|  |TAMS 0x0000000083400000, 0x0000000083400000| Untracked 
|  25|0x0000000083500000, 0x0000000083500000, 0x0000000083600000|  0%| F|  |TAMS 0x0000000083500000, 0x0000000083500000| Untracked 
|  26|0x0000000083600000, 0x0000000083600000, 0x0000000083700000|  0%| F|  |TAMS 0x0000000083600000, 0x0000000083600000| Untracked 
|  27|0x0000000083700000, 0x0000000083700000, 0x0000000083800000|  0%| F|  |TAMS 0x0000000083700000, 0x0000000083700000| Untracked 
|  28|0x0000000083800000, 0x0000000083800000, 0x0000000083900000|  0%| F|  |TAMS 0x0000000083800000, 0x0000000083800000| Untracked 
|  29|0x0000000083900000, 0x0000000083900000, 0x0000000083a00000|  0%| F|  |TAMS 0x0000000083900000, 0x0000000083900000| Untracked 
|  30|0x0000000083a00000, 0x0000000083a5b958, 0x0000000083b00000| 35%| S|CS|TAMS 0x0000000083a00000, 0x0000000083a00000| Complete 
|  31|0x0000000083b00000, 0x0000000083c00000, 0x0000000083c00000|100%| S|CS|TAMS 0x0000000083b00000, 0x0000000083b00000| Complete 
|  32|0x0000000083c00000, 0x0000000083c00000, 0x0000000083d00000|  0%| F|  |TAMS 0x0000000083c00000, 0x0000000083c00000| Untracked 
|  33|0x0000000083d00000, 0x0000000083d00000, 0x0000000083e00000|  0%| F|  |TAMS 0x0000000083d00000, 0x0000000083d00000| Untracked 
|  34|0x0000000083e00000, 0x0000000083e00000, 0x0000000083f00000|  0%| F|  |TAMS 0x0000000083e00000, 0x0000000083e00000| Untracked 
|  35|0x0000000083f00000, 0x0000000083f00000, 0x0000000084000000|  0%| F|  |TAMS 0x0000000083f00000, 0x0000000083f00000| Untracked 
|  36|0x0000000084000000, 0x0000000084000000, 0x0000000084100000|  0%| F|  |TAMS 0x0000000084000000, 0x0000000084000000| Untracked 
|  37|0x0000000084100000, 0x0000000084100000, 0x0000000084200000|  0%| F|  |TAMS 0x0000000084100000, 0x0000000084100000| Untracked 
|  38|0x0000000084200000, 0x0000000084200000, 0x0000000084300000|  0%| F|  |TAMS 0x0000000084200000, 0x0000000084200000| Untracked 
|  39|0x0000000084300000, 0x0000000084400000, 0x0000000084400000|100%| E|  |TAMS 0x0000000084300000, 0x0000000084300000| Complete 
|  40|0x0000000084400000, 0x0000000084500000, 0x0000000084500000|100%| E|CS|TAMS 0x0000000084400000, 0x0000000084400000| Complete 
|  41|0x0000000084500000, 0x0000000084600000, 0x0000000084600000|100%| E|CS|TAMS 0x0000000084500000, 0x0000000084500000| Complete 
|  42|0x0000000084600000, 0x0000000084700000, 0x0000000084700000|100%| E|CS|TAMS 0x0000000084600000, 0x0000000084600000| Complete 
|  43|0x0000000084700000, 0x0000000084800000, 0x0000000084800000|100%| E|CS|TAMS 0x0000000084700000, 0x0000000084700000| Complete 
|  44|0x0000000084800000, 0x0000000084900000, 0x0000000084900000|100%| E|CS|TAMS 0x0000000084800000, 0x0000000084800000| Complete 
|  45|0x0000000084900000, 0x0000000084a00000, 0x0000000084a00000|100%| E|CS|TAMS 0x0000000084900000, 0x0000000084900000| Complete 
|  46|0x0000000084a00000, 0x0000000084b00000, 0x0000000084b00000|100%| E|CS|TAMS 0x0000000084a00000, 0x0000000084a00000| Complete 
|  47|0x0000000084b00000, 0x0000000084c00000, 0x0000000084c00000|100%| E|CS|TAMS 0x0000000084b00000, 0x0000000084b00000| Complete 
|  48|0x0000000084c00000, 0x0000000084d00000, 0x0000000084d00000|100%| E|CS|TAMS 0x0000000084c00000, 0x0000000084c00000| Complete 
|  49|0x0000000084d00000, 0x0000000084e00000, 0x0000000084e00000|100%| E|CS|TAMS 0x0000000084d00000, 0x0000000084d00000| Complete 
|  50|0x0000000084e00000, 0x0000000084f00000, 0x0000000084f00000|100%| E|CS|TAMS 0x0000000084e00000, 0x0000000084e00000| Complete 
|  80|0x0000000086c00000, 0x0000000086d00000, 0x0000000086d00000|100%| E|CS|TAMS 0x0000000086c00000, 0x0000000086c00000| Complete 
|  81|0x0000000086d00000, 0x0000000086e00000, 0x0000000086e00000|100%| E|CS|TAMS 0x0000000086d00000, 0x0000000086d00000| Complete 
|  82|0x0000000086e00000, 0x0000000086f00000, 0x0000000086f00000|100%| E|CS|TAMS 0x0000000086e00000, 0x0000000086e00000| Complete 
|  83|0x0000000086f00000, 0x0000000087000000, 0x0000000087000000|100%| E|CS|TAMS 0x0000000086f00000, 0x0000000086f00000| Complete 
|  84|0x0000000087000000, 0x0000000087100000, 0x0000000087100000|100%| E|CS|TAMS 0x0000000087000000, 0x0000000087000000| Complete 
|  85|0x0000000087100000, 0x0000000087200000, 0x0000000087200000|100%| E|CS|TAMS 0x0000000087100000, 0x0000000087100000| Complete 
|  86|0x0000000087200000, 0x0000000087300000, 0x0000000087300000|100%| E|CS|TAMS 0x0000000087200000, 0x0000000087200000| Complete 
| 127|0x0000000089b00000, 0x0000000089c00000, 0x0000000089c00000|100%| E|CS|TAMS 0x0000000089b00000, 0x0000000089b00000| Complete 

Card table byte_map: [0x0000021de3fb0000,0x0000021de43b0000] _byte_map_base: 0x0000021de3ba2000

Marking Bits (Prev, Next): (CMBitMap*) 0x0000021dcd2eb480, (CMBitMap*) 0x0000021dcd2eb4c0
 Prev Bits: [0x0000021de47b0000, 0x0000021de6740000)
 Next Bits: [0x0000021de6740000, 0x0000021de86d0000)

Polling page: 0x0000021dcb1c0000

Metaspace:

Usage:
  Non-class:     32.88 MB used.
      Class:      4.79 MB used.
       Both:     37.67 MB used.

Virtual space:
  Non-class space:       64.00 MB reserved,      33.13 MB ( 52%) committed,  1 nodes.
      Class space:        1.00 GB reserved,       5.06 MB ( <1%) committed,  1 nodes.
             Both:        1.06 GB reserved,      38.19 MB (  4%) committed. 

Chunk freelists:
   Non-Class:  1.94 MB
       Class:  2.92 MB
        Both:  4.86 MB

MaxMetaspaceSize: unlimited
CompressedClassSpaceSize: 1.00 GB
Initial GC threshold: 21.00 MB
Current GC threshold: 59.06 MB
CDS: on
MetaspaceReclaimPolicy: balanced
 - commit_granule_bytes: 65536.
 - commit_granule_words: 8192.
 - virtual_space_node_default_size: 8388608.
 - enlarge_chunks_in_place: 1.
 - new_chunks_are_fully_committed: 0.
 - uncommit_free_chunks: 1.
 - use_allocation_guard: 0.


Internal statistics:

num_allocs_failed_limit: 6.
num_arena_births: 728.
num_arena_deaths: 0.
num_vsnodes_births: 2.
num_vsnodes_deaths: 0.
num_space_committed: 611.
num_space_uncommitted: 0.
num_chunks_returned_to_freelist: 6.
num_chunks_taken_from_freelist: 2113.
num_chunk_merges: 6.
num_chunk_splits: 1466.
num_chunks_enlarged: 1124.
num_inconsistent_stats: 0.

CodeHeap 'non-profiled nmethods': size=120000Kb used=2765Kb max_used=2765Kb free=117234Kb
 bounds [0x0000021ddc680000, 0x0000021ddc940000, 0x0000021de3bb0000]
CodeHeap 'profiled nmethods': size=120000Kb used=10792Kb max_used=10792Kb free=109207Kb
 bounds [0x0000021dd5150000, 0x0000021dd5be0000, 0x0000021ddc680000]
CodeHeap 'non-nmethods': size=5760Kb used=1272Kb max_used=1334Kb free=4487Kb
 bounds [0x0000021dd4bb0000, 0x0000021dd4e20000, 0x0000021dd5150000]
 total_blobs=5835 nmethods=5256 adapters=491
 compilation: enabled
              stopped_count=0, restarted_count=0
 full_count=0

Compilation events (20 events):
Event: 13448.803 Thread 0x0000021deab795a0 nmethod 5250 0x0000021ddc92e110 code [0x0000021ddc92e2a0, 0x0000021ddc92e518]
Event: 13978.517 Thread 0x0000021deab795a0 5251       4       java.nio.ByteBuffer::clear (7 bytes)
Event: 13978.517 Thread 0x0000021deab795a0 nmethod 5251 0x0000021ddc92e690 code [0x0000021ddc92e800, 0x0000021ddc92e898]
Event: 14198.548 Thread 0x0000021deab795a0 5252       4       org.bson.io.OutputBuffer::writeCharacters (273 bytes)
Event: 14199.845 Thread 0x0000021deab795a0 nmethod 5252 0x0000021ddc92e990 code [0x0000021ddc92eba0, 0x0000021ddc92f540]
Event: 14268.560 Thread 0x0000021deab795a0 5253   !   4       sun.nio.ch.NioSocketImpl::setOption (545 bytes)
Event: 14268.697 Thread 0x0000021deab795a0 nmethod 5253 0x0000021ddc92fe90 code [0x0000021ddc930020, 0x0000021ddc930358]
Event: 14268.697 Thread 0x0000021deab795a0 5254       4       sun.nio.ch.NioSocketImpl::intValue (43 bytes)
Event: 14268.697 Thread 0x0000021deab795a0 nmethod 5254 0x0000021ddc930590 code [0x0000021ddc930700, 0x0000021ddc9307b8]
Event: 14318.582 Thread 0x0000021deab795a0 5255       4       java.util.concurrent.ConcurrentLinkedDeque::pollLast (77 bytes)
Event: 14318.605 Thread 0x0000021deab795a0 nmethod 5255 0x0000021ddc930890 code [0x0000021ddc930a20, 0x0000021ddc930d68]
Event: 14318.605 Thread 0x0000021deab795a0 5256       4       java.util.concurrent.ConcurrentLinkedDeque::last (65 bytes)
Event: 14318.608 Thread 0x0000021deab795a0 nmethod 5256 0x0000021ddc930f90 code [0x0000021ddc931100, 0x0000021ddc9312b8]
Event: 14328.572 Thread 0x0000021deab795a0 5257       4       java.util.concurrent.ConcurrentLinkedDeque::unlink (335 bytes)
Event: 14328.593 Thread 0x0000021deab795a0 nmethod 5257 0x0000021ddc931390 code [0x0000021ddc9315a0, 0x0000021ddc9322d0]
Event: 14328.593 Thread 0x0000021deab795a0 5258       4       java.util.concurrent.ConcurrentLinkedDeque::linkLast (114 bytes)
Event: 14328.600 Thread 0x0000021deab795a0 nmethod 5258 0x0000021ddc932b90 code [0x0000021ddc932d20, 0x0000021ddc933138]
Event: 14338.584 Thread 0x0000021deab795a0 5259       4       sun.nio.ch.NioSocketImpl::ensureOpenAndConnected (36 bytes)
Event: 14338.585 Thread 0x0000021deab795a0 nmethod 5259 0x0000021ddc933310 code [0x0000021ddc933480, 0x0000021ddc933518]
Event: 14348.627 Thread 0x0000021deab795a0 5260       4       com.mongodb.internal.connection.PowerOfTwoBufferPool::getBuffer (14 bytes)

GC Heap History (20 events):
Event: 0.617 GC heap before
{Heap before GC invocations=0 (full 0):
 garbage-first heap   total 131072K, used 12288K [0x0000000081c00000, 0x0000000100000000)
  region size 1024K, 13 young (13312K), 0 survivors (0K)
 Metaspace       used 4186K, committed 4352K, reserved 1114112K
  class space    used 458K, committed 576K, reserved 1048576K
}
Event: 0.622 GC heap after
{Heap after GC invocations=1 (full 0):
 garbage-first heap   total 131072K, used 4203K [0x0000000081c00000, 0x0000000100000000)
  region size 1024K, 2 young (2048K), 2 survivors (2048K)
 Metaspace       used 4186K, committed 4352K, reserved 1114112K
  class space    used 458K, committed 576K, reserved 1048576K
}
Event: 1.082 GC heap before
{Heap before GC invocations=1 (full 0):
 garbage-first heap   total 131072K, used 17515K [0x0000000081c00000, 0x0000000100000000)
  region size 1024K, 15 young (15360K), 2 survivors (2048K)
 Metaspace       used 7819K, committed 8064K, reserved 1114112K
  class space    used 949K, committed 1024K, reserved 1048576K
}
Event: 1.085 GC heap after
{Heap after GC invocations=2 (full 0):
 garbage-first heap   total 131072K, used 5939K [0x0000000081c00000, 0x0000000100000000)
  region size 1024K, 2 young (2048K), 2 survivors (2048K)
 Metaspace       used 7819K, committed 8064K, reserved 1114112K
  class space    used 949K, committed 1024K, reserved 1048576K
}
Event: 1.455 GC heap before
{Heap before GC invocations=2 (full 0):
 garbage-first heap   total 131072K, used 30515K [0x0000000081c00000, 0x0000000100000000)
  region size 1024K, 27 young (27648K), 2 survivors (2048K)
 Metaspace       used 14588K, committed 14784K, reserved 1114112K
  class space    used 1751K, committed 1856K, reserved 1048576K
}
Event: 1.459 GC heap after
{Heap after GC invocations=3 (full 0):
 garbage-first heap   total 131072K, used 7580K [0x0000000081c00000, 0x0000000100000000)
  region size 1024K, 4 young (4096K), 4 survivors (4096K)
 Metaspace       used 14588K, committed 14784K, reserved 1114112K
  class space    used 1751K, committed 1856K, reserved 1048576K
}
Event: 2.912 GC heap before
{Heap before GC invocations=3 (full 0):
 garbage-first heap   total 131072K, used 44444K [0x0000000081c00000, 0x0000000100000000)
  region size 1024K, 41 young (41984K), 4 survivors (4096K)
 Metaspace       used 21135K, committed 21504K, reserved 1114112K
  class space    used 2585K, committed 2752K, reserved 1048576K
}
Event: 2.922 GC heap after
{Heap after GC invocations=4 (full 0):
 garbage-first heap   total 131072K, used 10803K [0x0000000081c00000, 0x0000000100000000)
  region size 1024K, 7 young (7168K), 7 survivors (7168K)
 Metaspace       used 21135K, committed 21504K, reserved 1114112K
  class space    used 2585K, committed 2752K, reserved 1048576K
}
Event: 3.606 GC heap before
{Heap before GC invocations=5 (full 0):
 garbage-first heap   total 45056K, used 30259K [0x0000000081c00000, 0x0000000100000000)
  region size 1024K, 26 young (26624K), 7 survivors (7168K)
 Metaspace       used 25777K, committed 26304K, reserved 1114112K
  class space    used 3195K, committed 3456K, reserved 1048576K
}
Event: 3.618 GC heap after
{Heap after GC invocations=6 (full 0):
 garbage-first heap   total 45056K, used 13033K [0x0000000081c00000, 0x0000000100000000)
  region size 1024K, 3 young (3072K), 3 survivors (3072K)
 Metaspace       used 25777K, committed 26304K, reserved 1114112K
  class space    used 3195K, committed 3456K, reserved 1048576K
}
Event: 3.657 GC heap before
{Heap before GC invocations=6 (full 0):
 garbage-first heap   total 45056K, used 14057K [0x0000000081c00000, 0x0000000100000000)
  region size 1024K, 4 young (4096K), 3 survivors (3072K)
 Metaspace       used 26129K, committed 26624K, reserved 1114112K
  class space    used 3249K, committed 3456K, reserved 1048576K
}
Event: 3.661 GC heap after
{Heap after GC invocations=7 (full 0):
 garbage-first heap   total 45056K, used 13410K [0x0000000081c00000, 0x0000000100000000)
  region size 1024K, 1 young (1024K), 1 survivors (1024K)
 Metaspace       used 26129K, committed 26624K, reserved 1114112K
  class space    used 3249K, committed 3456K, reserved 1048576K
}
Event: 4.084 GC heap before
{Heap before GC invocations=7 (full 0):
 garbage-first heap   total 45056K, used 29794K [0x0000000081c00000, 0x0000000100000000)
  region size 1024K, 17 young (17408K), 1 survivors (1024K)
 Metaspace       used 30357K, committed 30784K, reserved 1114112K
  class space    used 3879K, committed 4096K, reserved 1048576K
}
Event: 4.087 GC heap after
{Heap after GC invocations=8 (full 0):
 garbage-first heap   total 45056K, used 14750K [0x0000000081c00000, 0x0000000100000000)
  region size 1024K, 2 young (2048K), 2 survivors (2048K)
 Metaspace       used 30357K, committed 30784K, reserved 1114112K
  class space    used 3879K, committed 4096K, reserved 1048576K
}
Event: 4.522 GC heap before
{Heap before GC invocations=8 (full 0):
 garbage-first heap   total 45056K, used 31134K [0x0000000081c00000, 0x0000000100000000)
  region size 1024K, 18 young (18432K), 2 survivors (2048K)
 Metaspace       used 33109K, committed 33600K, reserved 1114112K
  class space    used 4277K, committed 4544K, reserved 1048576K
}
Event: 4.528 GC heap after
{Heap after GC invocations=9 (full 0):
 garbage-first heap   total 45056K, used 16788K [0x0000000081c00000, 0x0000000100000000)
  region size 1024K, 3 young (3072K), 3 survivors (3072K)
 Metaspace       used 33109K, committed 33600K, reserved 1114112K
  class space    used 4277K, committed 4544K, reserved 1048576K
}
Event: 40.737 GC heap before
{Heap before GC invocations=9 (full 0):
 garbage-first heap   total 45056K, used 24980K [0x0000000081c00000, 0x0000000100000000)
  region size 1024K, 12 young (12288K), 3 survivors (3072K)
 Metaspace       used 35451K, committed 35968K, reserved 1114112K
  class space    used 4557K, committed 4800K, reserved 1048576K
}
Event: 40.742 GC heap after
{Heap after GC invocations=10 (full 0):
 garbage-first heap   total 60416K, used 17603K [0x0000000081c00000, 0x0000000100000000)
  region size 1024K, 1 young (1024K), 1 survivors (1024K)
 Metaspace       used 35451K, committed 35968K, reserved 1114112K
  class space    used 4557K, committed 4800K, reserved 1048576K
}
Event: 7895.777 GC heap before
{Heap before GC invocations=11 (full 0):
 garbage-first heap   total 60416K, used 44227K [0x0000000081c00000, 0x0000000100000000)
  region size 1024K, 27 young (27648K), 1 survivors (1024K)
 Metaspace       used 38532K, committed 39104K, reserved 1114112K
  class space    used 4901K, committed 5184K, reserved 1048576K
}
Event: 7895.780 GC heap after
{Heap after GC invocations=12 (full 0):
 garbage-first heap   total 60416K, used 18061K [0x0000000081c00000, 0x0000000100000000)
  region size 1024K, 2 young (2048K), 2 survivors (2048K)
 Metaspace       used 38532K, committed 39104K, reserved 1114112K
  class space    used 4901K, committed 5184K, reserved 1048576K
}

Deoptimization events (20 events):
Event: 3733.889 Thread 0x0000021deff16c70 Uncommon trap: trap_request=0xffffffbe fr.pc=0x0000021ddc8f865c relative=0x000000000000023c
Event: 3733.889 Thread 0x0000021deff16c70 Uncommon trap: reason=profile_predicate action=maybe_recompile pc=0x0000021ddc8f865c method=java.util.HashMap.valuesToArray([Ljava/lang/Object;)[Ljava/lang/Object; @ 48 c2
Event: 3733.889 Thread 0x0000021deff16c70 DEOPT PACKING pc=0x0000021ddc8f865c sp=0x000000e61daff1c0
Event: 3733.889 Thread 0x0000021deff16c70 DEOPT UNPACKING pc=0x0000021dd4c023a3 sp=0x000000e61daff168 mode 2
Event: 3843.900 Thread 0x0000021df0108990 Uncommon trap: trap_request=0xffffffd6 fr.pc=0x0000021ddc8f9328 relative=0x0000000000000488
Event: 3843.900 Thread 0x0000021df0108990 Uncommon trap: reason=array_check action=maybe_recompile pc=0x0000021ddc8f9328 method=java.util.HashMap.valuesToArray([Ljava/lang/Object;)[Ljava/lang/Object; @ 62 c2
Event: 3843.900 Thread 0x0000021df0108990 DEOPT PACKING pc=0x0000021ddc8f9328 sp=0x000000e61d9feae0
Event: 3843.900 Thread 0x0000021df0108990 DEOPT UNPACKING pc=0x0000021dd4c023a3 sp=0x000000e61d9fea78 mode 2
Event: 3843.900 Thread 0x0000021df0108990 Uncommon trap: trap_request=0xffffffd6 fr.pc=0x0000021ddc8f9328 relative=0x0000000000000488
Event: 3843.900 Thread 0x0000021df0108990 Uncommon trap: reason=array_check action=maybe_recompile pc=0x0000021ddc8f9328 method=java.util.HashMap.valuesToArray([Ljava/lang/Object;)[Ljava/lang/Object; @ 62 c2
Event: 3843.900 Thread 0x0000021df0108990 DEOPT PACKING pc=0x0000021ddc8f9328 sp=0x000000e61d9fea00
Event: 3843.900 Thread 0x0000021df0108990 DEOPT UNPACKING pc=0x0000021dd4c023a3 sp=0x000000e61d9fe998 mode 2
Event: 3843.901 Thread 0x0000021df0108990 Uncommon trap: trap_request=0xffffffd6 fr.pc=0x0000021ddc8f9328 relative=0x0000000000000488
Event: 3843.901 Thread 0x0000021df0108990 Uncommon trap: reason=array_check action=maybe_recompile pc=0x0000021ddc8f9328 method=java.util.HashMap.valuesToArray([Ljava/lang/Object;)[Ljava/lang/Object; @ 62 c2
Event: 3843.901 Thread 0x0000021df0108990 DEOPT PACKING pc=0x0000021ddc8f9328 sp=0x000000e61d9fe920
Event: 3843.901 Thread 0x0000021df0108990 DEOPT UNPACKING pc=0x0000021dd4c023a3 sp=0x000000e61d9fe8b8 mode 2
Event: 3853.902 Thread 0x0000021deff16c70 Uncommon trap: trap_request=0xffffffd6 fr.pc=0x0000021ddc8f9328 relative=0x0000000000000488
Event: 3853.902 Thread 0x0000021deff16c70 Uncommon trap: reason=array_check action=maybe_recompile pc=0x0000021ddc8f9328 method=java.util.HashMap.valuesToArray([Ljava/lang/Object;)[Ljava/lang/Object; @ 62 c2
Event: 3853.902 Thread 0x0000021deff16c70 DEOPT PACKING pc=0x0000021ddc8f9328 sp=0x000000e61daff1c0
Event: 3853.902 Thread 0x0000021deff16c70 DEOPT UNPACKING pc=0x0000021dd4c023a3 sp=0x000000e61daff158 mode 2

Classes loaded (20 events):
Event: 40.849 Loading class java/util/OptionalDouble
Event: 40.849 Loading class java/util/OptionalDouble done
Event: 40.854 Loading class java/util/AbstractMap$SimpleEntry
Event: 40.855 Loading class java/util/AbstractMap$SimpleEntry done
Event: 40.871 Loading class java/util/stream/LongStream
Event: 40.871 Loading class java/util/stream/LongStream done
Event: 40.871 Loading class java/util/stream/DoubleStream
Event: 40.872 Loading class java/util/stream/DoubleStream done
Event: 40.885 Loading class org/w3c/dom/Node
Event: 40.885 Loading class org/w3c/dom/Node done
Event: 40.885 Loading class org/w3c/dom/Document
Event: 40.886 Loading class org/w3c/dom/Document done
Event: 148.995 Loading class java/io/PushbackInputStream
Event: 148.995 Loading class java/io/PushbackInputStream done
Event: 149.057 Loading class java/util/concurrent/ConcurrentHashMap$TreeBin
Event: 149.057 Loading class java/util/concurrent/ConcurrentHashMap$TreeBin done
Event: 188.786 Loading class java/util/ArrayList$SubList$2
Event: 188.786 Loading class java/util/ArrayList$SubList$2 done
Event: 873.932 Loading class jdk/internal/access/foreign/MemorySegmentProxy
Event: 873.932 Loading class jdk/internal/access/foreign/MemorySegmentProxy done

Classes unloaded (0 events):
No events

Classes redefined (0 events):
No events

Internal exceptions (20 events):
Event: 3.974 Thread 0x0000021dcd28a270 Exception <a 'java/lang/IncompatibleClassChangeError'{0x0000000083a24148}: Found class java.lang.Object, but interface was expected> (0x0000000083a24148) 
thrown [s\open\src\hotspot\share\interpreter\linkResolver.cpp, line 826]
Event: 4.125 Thread 0x0000021dcd28a270 Exception <a 'java/lang/IncompatibleClassChangeError'{0x00000000872506c8}: Found class java.lang.Object, but interface was expected> (0x00000000872506c8) 
thrown [s\open\src\hotspot\share\interpreter\linkResolver.cpp, line 826]
Event: 4.211 Thread 0x0000021dcd28a270 Exception <a 'java/lang/NoSuchMethodError'{0x0000000086f156a0}: 'java.lang.Object java.lang.invoke.DirectMethodHandle$Holder.newInvokeSpecial(java.lang.Object, java.lang.Object, java.lang.Object, java.lang.Object, java.lang.Object, java.lang.Object, java.lang.Object, java.lang.Object)'> (0x0000000086f156a0) 
thrown [s\open\src\hotspot\share\interpreter\linkResolver.cpp, line 759]
Event: 4.335 Thread 0x0000021dcd28a270 Exception <a 'java/lang/NoSuchMethodError'{0x0000000083ff20d0}: 'void java.lang.invoke.DirectMethodHandle$Holder.invokeVirtual(java.lang.Object, java.lang.Object, long)'> (0x0000000083ff20d0) 
thrown [s\open\src\hotspot\share\interpreter\linkResolver.cpp, line 759]
Event: 4.452 Thread 0x0000021dcd28a270 Exception <a 'java/lang/IncompatibleClassChangeError'{0x0000000083a669e8}: Found class java.lang.Object, but interface was expected> (0x0000000083a669e8) 
thrown [s\open\src\hotspot\share\interpreter\linkResolver.cpp, line 826]
Event: 4.484 Thread 0x0000021dcd28a270 Exception <a 'java/lang/NoSuchMethodError'{0x0000000083990648}: 'int java.lang.invoke.DirectMethodHandle$Holder.invokeStaticInit(java.lang.Object, java.lang.Object, java.lang.Object, java.lang.Object)'> (0x0000000083990648) 
thrown [s\open\src\hotspot\share\interpreter\linkResolver.cpp, line 759]
Event: 4.543 Thread 0x0000021dcd28a270 Exception <a 'java/lang/NoSuchMethodError'{0x0000000089b8d748}: 'java.lang.Object java.lang.invoke.DirectMethodHandle$Holder.newInvokeSpecial(java.lang.Object, java.lang.Object, int, java.lang.Object, java.lang.Object)'> (0x0000000089b8d748) 
thrown [s\open\src\hotspot\share\interpreter\linkResolver.cpp, line 759]
Event: 4.544 Thread 0x0000021dcd28a270 Exception <a 'java/lang/NoSuchMethodError'{0x0000000089b98dc8}: 'java.lang.Object java.lang.invoke.DirectMethodHandle$Holder.invokeSpecial(java.lang.Object, java.lang.Object, int, java.lang.Object, int, java.lang.Object)'> (0x0000000089b98dc8) 
thrown [s\open\src\hotspot\share\interpreter\linkResolver.cpp, line 759]
Event: 4.544 Thread 0x0000021dcd28a270 Exception <a 'java/lang/NoSuchMethodError'{0x0000000089ba0bd0}: 'java.lang.Object java.lang.invoke.DirectMethodHandle$Holder.newInvokeSpecial(java.lang.Object, java.lang.Object, int, java.lang.Object, int)'> (0x0000000089ba0bd0) 
thrown [s\open\src\hotspot\share\interpreter\linkResolver.cpp, line 759]
Event: 4.545 Thread 0x0000021dcd28a270 Exception <a 'java/lang/NoSuchMethodError'{0x0000000089ba4cd8}: 'java.lang.Object java.lang.invoke.DirectMethodHandle$Holder.invokeSpecial(java.lang.Object, java.lang.Object, java.lang.Object, int, java.lang.Object, int)'> (0x0000000089ba4cd8) 
thrown [s\open\src\hotspot\share\interpreter\linkResolver.cpp, line 759]
Event: 40.590 Thread 0x0000021defd94990 Exception <a 'java/lang/NoSuchMethodError'{0x0000000086f2a370}: 'java.lang.Object java.lang.invoke.DirectMethodHandle$Holder.invokeSpecial(java.lang.Object, java.lang.Object, java.lang.Object, java.lang.Object, java.lang.Object, long)'> (0x0000000086f2a370) 
thrown [s\open\src\hotspot\share\interpreter\linkResolver.cpp, line 759]
Event: 40.590 Thread 0x0000021defd94990 Exception <a 'java/lang/NoSuchMethodError'{0x0000000086f2ddb8}: 'java.lang.Object java.lang.invoke.Invokers$Holder.linkToTargetMethod(java.lang.Object, java.lang.Object, java.lang.Object, long, java.lang.Object)'> (0x0000000086f2ddb8) 
thrown [s\open\src\hotspot\share\interpreter\linkResolver.cpp, line 759]
Event: 40.796 Thread 0x0000021defd94990 Implicit null exception at 0x0000021ddc780260 to 0x0000021ddc7804b4
Event: 40.805 Thread 0x0000021defd94990 Exception <a 'java/lang/NoSuchMethodError'{0x00000000872d3770}: 'void java.lang.invoke.Invokers$Holder.invoke_MT(java.lang.Object, java.lang.Object, java.lang.Object, java.lang.Object)'> (0x00000000872d3770) 
thrown [s\open\src\hotspot\share\interpreter\linkResolver.cpp, line 759]
Event: 40.805 Thread 0x0000021defd94990 Implicit null exception at 0x0000021ddc8799e0 to 0x0000021ddc879c00
Event: 40.806 Thread 0x0000021defd94990 Exception <a 'java/lang/NoSuchMethodError'{0x00000000872e1990}: 'int java.lang.invoke.DirectMethodHandle$Holder.invokeSpecialIFC(java.lang.Object, java.lang.Object, java.lang.Object)'> (0x00000000872e1990) 
thrown [s\open\src\hotspot\share\interpreter\linkResolver.cpp, line 759]
Event: 149.056 Thread 0x0000021df14fca80 Implicit null exception at 0x0000021ddc743146 to 0x0000021ddc74320f
Event: 149.078 Thread 0x0000021df14fca80 Exception <a 'java/lang/NoSuchMethodError'{0x0000000084ef0c10}: 'void java.lang.invoke.DirectMethodHandle$Holder.invokeSpecial(java.lang.Object, java.lang.Object, int)'> (0x0000000084ef0c10) 
thrown [s\open\src\hotspot\share\interpreter\linkResolver.cpp, line 759]
Event: 149.078 Thread 0x0000021df14fca80 Exception <a 'java/lang/NoSuchMethodError'{0x0000000084ef7270}: 'java.lang.Object java.lang.invoke.DirectMethodHandle$Holder.newInvokeSpecial(java.lang.Object, java.lang.Object, int)'> (0x0000000084ef7270) 
thrown [s\open\src\hotspot\share\interpreter\linkResolver.cpp, line 759]
Event: 188.785 Thread 0x0000021df14f8720 Exception <a 'java/lang/NoSuchMethodError'{0x0000000084d62088}: 'java.lang.Object java.lang.invoke.DirectMethodHandle$Holder.invokeStatic(java.lang.Object, int, int)'> (0x0000000084d62088) 
thrown [s\open\src\hotspot\share\interpreter\linkResolver.cpp, line 759]

VM Operations (20 events):
Event: 12229.676 Executing VM operation: Cleanup
Event: 12229.676 Executing VM operation: Cleanup done
Event: 12269.690 Executing VM operation: Cleanup
Event: 12269.690 Executing VM operation: Cleanup done
Event: 13018.839 Executing VM operation: Cleanup
Event: 13018.839 Executing VM operation: Cleanup done
Event: 13138.898 Executing VM operation: Cleanup
Event: 13138.898 Executing VM operation: Cleanup done
Event: 13201.930 Executing VM operation: Cleanup
Event: 13201.930 Executing VM operation: Cleanup done
Event: 13261.952 Executing VM operation: Cleanup
Event: 13261.952 Executing VM operation: Cleanup done
Event: 13399.004 Executing VM operation: Cleanup
Event: 13399.004 Executing VM operation: Cleanup done
Event: 13989.241 Executing VM operation: Cleanup
Event: 13989.241 Executing VM operation: Cleanup done
Event: 14328.652 Executing VM operation: HandshakeAllThreads
Event: 14328.656 Executing VM operation: HandshakeAllThreads done
Event: 14329.655 Executing VM operation: Cleanup
Event: 14329.655 Executing VM operation: Cleanup done

Events (20 events):
Event: 3.697 Thread 0x0000021df002c020 Thread added: 0x0000021df002c020
Event: 3.751 Thread 0x0000021df09415f0 Thread added: 0x0000021df09415f0
Event: 3.751 Thread 0x0000021df0030c30 Thread added: 0x0000021df0030c30
Event: 3.800 Thread 0x0000021defd93650 Thread added: 0x0000021defd93650
Event: 4.555 Thread 0x0000021defd94990 Thread added: 0x0000021defd94990
Event: 4.555 Thread 0x0000021defd93180 Thread added: 0x0000021defd93180
Event: 4.555 Thread 0x0000021defd93ff0 Thread added: 0x0000021defd93ff0
Event: 4.555 Thread 0x0000021df14f6570 Thread added: 0x0000021df14f6570
Event: 4.556 Thread 0x0000021df14fa400 Thread added: 0x0000021df14fa400
Event: 4.556 Thread 0x0000021df14fbc10 Thread added: 0x0000021df14fbc10
Event: 4.556 Thread 0x0000021df14fca80 Thread added: 0x0000021df14fca80
Event: 4.556 Thread 0x0000021df14f8720 Thread added: 0x0000021df14f8720
Event: 4.556 Thread 0x0000021df14f9a60 Thread added: 0x0000021df14f9a60
Event: 4.556 Thread 0x0000021df14f8bf0 Thread added: 0x0000021df14f8bf0
Event: 4.570 Thread 0x0000021df14f60a0 Thread added: 0x0000021df14f60a0
Event: 4.571 Thread 0x0000021df14f9590 Thread added: 0x0000021df14f9590
Event: 4.586 Thread 0x0000021dcd28a270 Thread exited: 0x0000021dcd28a270
Event: 4.586 Thread 0x0000021df14f90c0 Thread added: 0x0000021df14f90c0
Event: 8.573 Thread 0x0000021def6bf250 Thread exited: 0x0000021def6bf250
Event: 40.803 Loaded shared library C:\Program Files\Java\jdk-18.0.2.1\bin\verify.dll


Dynamic libraries:
0x00007ff6d7bf0000 - 0x00007ff6d7c00000 	C:\Program Files\Java\jdk-18.0.2.1\bin\java.exe
0x00007ffd36320000 - 0x00007ffd36510000 	C:\Windows\SYSTEM32\ntdll.dll
0x00007ffd35440000 - 0x00007ffd354f2000 	C:\Windows\System32\KERNEL32.DLL
0x00007ffd33c70000 - 0x00007ffd33f15000 	C:\Windows\System32\KERNELBASE.dll
0x00007ffd34200000 - 0x00007ffd342fa000 	C:\Windows\System32\ucrtbase.dll
0x00007ffd20de0000 - 0x00007ffd20dfa000 	C:\Program Files\Java\jdk-18.0.2.1\bin\VCRUNTIME140.dll
0x00007ffd20e40000 - 0x00007ffd20e58000 	C:\Program Files\Java\jdk-18.0.2.1\bin\jli.dll
0x00007ffd35c20000 - 0x00007ffd35cc3000 	C:\Windows\System32\ADVAPI32.dll
0x00007ffd34740000 - 0x00007ffd347de000 	C:\Windows\System32\msvcrt.dll
0x00007ffd35ef0000 - 0x00007ffd35f87000 	C:\Windows\System32\sechost.dll
0x00007ffd349c0000 - 0x00007ffd34adf000 	C:\Windows\System32\RPCRT4.dll
0x00007ffd35f90000 - 0x00007ffd36124000 	C:\Windows\System32\USER32.dll
0x00007ffd2bed0000 - 0x00007ffd2c154000 	C:\Windows\WinSxS\amd64_microsoft.windows.common-controls_6595b64144ccf1df_6.0.18362.1556_none_9e7e372fe45e41d5\COMCTL32.dll
0x00007ffd343d0000 - 0x00007ffd34706000 	C:\Windows\System32\combase.dll
0x00007ffd34170000 - 0x00007ffd341f1000 	C:\Windows\System32\bcryptPrimitives.dll
0x00007ffd35500000 - 0x00007ffd35526000 	C:\Windows\System32\GDI32.dll
0x0000021dcb160000 - 0x0000021dcb181000 	C:\Windows\System32\win32u.dll
0x00007ffd33f20000 - 0x00007ffd340b8000 	C:\Windows\System32\gdi32full.dll
0x00007ffd34330000 - 0x00007ffd343ce000 	C:\Windows\System32\msvcp_win.dll
0x00007ffd2be00000 - 0x00007ffd2be0a000 	C:\Windows\SYSTEM32\VERSION.dll
0x00007ffd34710000 - 0x00007ffd3473e000 	C:\Windows\System32\IMM32.DLL
0x00007ffd20e30000 - 0x00007ffd20e3c000 	C:\Program Files\Java\jdk-18.0.2.1\bin\vcruntime140_1.dll
0x00007ffcdab20000 - 0x00007ffcdabad000 	C:\Program Files\Java\jdk-18.0.2.1\bin\msvcp140.dll
0x00007ffcd4ed0000 - 0x00007ffcd5ae1000 	C:\Program Files\Java\jdk-18.0.2.1\bin\server\jvm.dll
0x00007ffd34df0000 - 0x00007ffd34df8000 	C:\Windows\System32\PSAPI.DLL
0x00007ffd1e6e0000 - 0x00007ffd1e6e9000 	C:\Windows\SYSTEM32\WSOCK32.dll
0x00007ffd34ed0000 - 0x00007ffd34f3f000 	C:\Windows\System32\WS2_32.dll
0x00007ffd30270000 - 0x00007ffd30294000 	C:\Windows\SYSTEM32\WINMM.dll
0x00007ffd30240000 - 0x00007ffd3026d000 	C:\Windows\SYSTEM32\WINMMBASE.dll
0x00007ffd332b0000 - 0x00007ffd332fa000 	C:\Windows\System32\cfgmgr32.dll
0x00007ffd33200000 - 0x00007ffd33211000 	C:\Windows\System32\kernel.appcore.dll
0x00007ffd20dd0000 - 0x00007ffd20dda000 	C:\Program Files\Java\jdk-18.0.2.1\bin\jimage.dll
0x00007ffd31a80000 - 0x00007ffd31c74000 	C:\Windows\SYSTEM32\DBGHELP.DLL
0x00007ffd1de00000 - 0x00007ffd1de2a000 	C:\Windows\SYSTEM32\dbgcore.DLL
0x00007ffd19a40000 - 0x00007ffd19a4e000 	C:\Program Files\Java\jdk-18.0.2.1\bin\instrument.dll
0x00007ffd0eb00000 - 0x00007ffd0eb25000 	C:\Program Files\Java\jdk-18.0.2.1\bin\java.dll
0x00007ffcd99d0000 - 0x00007ffcd9aa6000 	C:\Program Files\Java\jdk-18.0.2.1\bin\jsvml.dll
0x00007ffd35530000 - 0x00007ffd35c17000 	C:\Windows\System32\SHELL32.dll
0x00007ffd34840000 - 0x00007ffd348e8000 	C:\Windows\System32\shcore.dll
0x00007ffd334c0000 - 0x00007ffd33c3b000 	C:\Windows\System32\windows.storage.dll
0x00007ffd33270000 - 0x00007ffd3328e000 	C:\Windows\System32\profapi.dll
0x00007ffd33220000 - 0x00007ffd3326a000 	C:\Windows\System32\powrprof.dll
0x00007ffd331d0000 - 0x00007ffd331e0000 	C:\Windows\System32\UMPDC.dll
0x00007ffd347e0000 - 0x00007ffd34832000 	C:\Windows\System32\shlwapi.dll
0x00007ffd33290000 - 0x00007ffd332a7000 	C:\Windows\System32\cryptsp.dll
0x00007ffd0eae0000 - 0x00007ffd0eaf8000 	C:\Program Files\Java\jdk-18.0.2.1\bin\zip.dll
0x00007ffd19a60000 - 0x00007ffd19a73000 	C:\Program Files\Java\jdk-18.0.2.1\bin\net.dll
0x00007ffd23ff0000 - 0x00007ffd240ea000 	C:\Windows\SYSTEM32\WINHTTP.dll
0x00007ffd32a10000 - 0x00007ffd32a77000 	C:\Windows\system32\mswsock.dll
0x00007ffd0e980000 - 0x00007ffd0e996000 	C:\Program Files\Java\jdk-18.0.2.1\bin\nio.dll
0x00007ffd0bb90000 - 0x00007ffd0bbaa000 	C:\Program Files\JetBrains\IntelliJ IDEA Community Edition 2022.3.3\bin\breakgen64.dll
0x00007ffd32590000 - 0x00007ffd325c3000 	C:\Windows\system32\rsaenh.dll
0x00007ffd34300000 - 0x00007ffd34326000 	C:\Windows\System32\bcrypt.dll
0x00007ffd330c0000 - 0x00007ffd330e5000 	C:\Windows\SYSTEM32\USERENV.dll
0x00007ffd32be0000 - 0x00007ffd32bec000 	C:\Windows\SYSTEM32\CRYPTBASE.dll
0x00007ffd32720000 - 0x00007ffd3275a000 	C:\Windows\SYSTEM32\IPHLPAPI.DLL
0x00007ffd353d0000 - 0x00007ffd353d8000 	C:\Windows\System32\NSI.dll
0x00007ffd2c2e0000 - 0x00007ffd2c2f6000 	C:\Windows\SYSTEM32\dhcpcsvc6.DLL
0x00007ffd2c3b0000 - 0x00007ffd2c3cc000 	C:\Windows\SYSTEM32\dhcpcsvc.DLL
0x00007ffd32770000 - 0x00007ffd3283b000 	C:\Windows\SYSTEM32\DNSAPI.dll
0x00007ffd0ee10000 - 0x00007ffd0ee1e000 	C:\Program Files\Java\jdk-18.0.2.1\bin\sunmscapi.dll
0x00007ffd33360000 - 0x00007ffd334b1000 	C:\Windows\System32\CRYPT32.dll
0x00007ffd331e0000 - 0x00007ffd331f2000 	C:\Windows\System32\MSASN1.dll
0x00007ffd32cf0000 - 0x00007ffd32d16000 	C:\Windows\SYSTEM32\ncrypt.dll
0x00007ffd32cb0000 - 0x00007ffd32ceb000 	C:\Windows\SYSTEM32\NTASN1.dll
0x00007ffd1d140000 - 0x00007ffd1d149000 	C:\Program Files\Java\jdk-18.0.2.1\bin\management.dll
0x00007ffd1a650000 - 0x00007ffd1a65b000 	C:\Program Files\Java\jdk-18.0.2.1\bin\management_ext.dll
0x00007ffd2c440000 - 0x00007ffd2c44a000 	C:\Windows\System32\rasadhlp.dll
0x00007ffd2c200000 - 0x00007ffd2c277000 	C:\Windows\System32\fwpuclnt.dll
0x00007ffd1daf0000 - 0x00007ffd1db00000 	C:\Program Files\Java\jdk-18.0.2.1\bin\verify.dll

dbghelp: loaded successfully - version: 4.0.5 - missing functions: none
symbol engine: initialized successfully - sym options: 0x614 - pdb path: .;C:\Program Files\Java\jdk-18.0.2.1\bin;C:\Windows\SYSTEM32;C:\Windows\WinSxS\amd64_microsoft.windows.common-controls_6595b64144ccf1df_6.0.18362.1556_none_9e7e372fe45e41d5;C:\Program Files\Java\jdk-18.0.2.1\bin\server;C:\Program Files\JetBrains\IntelliJ IDEA Community Edition 2022.3.3\bin

VM Arguments:
jvm_args: -javaagent:C:\Program Files\JetBrains\IntelliJ IDEA Community Edition 2022.3.3\lib\idea_rt.jar=62573:C:\Program Files\JetBrains\IntelliJ IDEA Community Edition 2022.3.3\bin -Dfile.encoding=UTF-8 -Dsun.stdout.encoding=UTF-8 -Dsun.stderr.encoding=UTF-8 
java_command: com.example.crudApp.CrudAppApplication
java_class_path (initial): C:\Users\rihab.DESKTOP-BQ1736K\Downloads\crudApp\target\classes;C:\Users\rihab.DESKTOP-BQ1736K\.m2\repository\org\springframework\boot\spring-boot-starter-data-mongodb\3.0.5\spring-boot-starter-data-mongodb-3.0.5.jar;C:\Users\rihab.DESKTOP-BQ1736K\.m2\repository\org\springframework\boot\spring-boot-starter\3.0.5\spring-boot-starter-3.0.5.jar;C:\Users\rihab.DESKTOP-BQ1736K\.m2\repository\org\springframework\boot\spring-boot\3.0.5\spring-boot-3.0.5.jar;C:\Users\rihab.DESKTOP-BQ1736K\.m2\repository\org\springframework\boot\spring-boot-autoconfigure\3.0.5\spring-boot-autoconfigure-3.0.5.jar;C:\Users\rihab.DESKTOP-BQ1736K\.m2\repository\org\springframework\boot\spring-boot-starter-logging\3.0.5\spring-boot-starter-logging-3.0.5.jar;C:\Users\rihab.DESKTOP-BQ1736K\.m2\repository\ch\qos\logback\logback-classic\1.4.6\logback-classic-1.4.6.jar;C:\Users\rihab.DESKTOP-BQ1736K\.m2\repository\ch\qos\logback\logback-core\1.4.6\logback-core-1.4.6.jar;C:\Users\rihab.DESKTOP-BQ1736K\.m2\repository\org\apache\logging\log4j\log4j-to-slf4j\2.19.0\log4j-to-slf4j-2.19.0.jar;C:\Users\rihab.DESKTOP-BQ1736K\.m2\repository\org\apache\logging\log4j\log4j-api\2.19.0\log4j-api-2.19.0.jar;C:\Users\rihab.DESKTOP-BQ1736K\.m2\repository\org\slf4j\jul-to-slf4j\2.0.7\jul-to-slf4j-2.0.7.jar;C:\Users\rihab.DESKTOP-BQ1736K\.m2\repository\jakarta\annotation\jakarta.annotation-api\2.1.1\jakarta.annotation-api-2.1.1.jar;C:\Users\rihab.DESKTOP-BQ1736K\.m2\repository\org\yaml\snakeyaml\1.33\snakeyaml-1.33.jar;C:\Users\rihab.DESKTOP-BQ1736K\.m2\repository\org\mongodb\mongodb-driver-sync\4.8.2\mongodb-driver-sync-4.8.2.jar;C:\Users\rihab.DESKTOP-BQ1736K\.m2\repository\org\mongodb\bson\4.8.2\bson-4.8.2.jar;C:\Users\rihab.DESKTOP-BQ1736K\.m2\repository\org\mongodb\mongodb-driver-core\4.8.2\mongodb-driver-core-4.8.2.jar;C:\Users\rihab.DESKTOP-BQ1736K\.m2\repository\org\mongodb\bson-record-codec\4.8.2\bson-record-codec-4.8.2.jar;C:\Users\rihab.DESKTOP-BQ1736K\.m2\repository\org\springframework\data\spring-data-mongodb\4.0.4\spring-data-mongodb-4.0.4.jar;C:\Users\rihab.DESKTOP-BQ1736K\.m2\repository\org\springframework\spring-tx\6.0.7\spring-tx-6.0.7.jar;C:\Users\rihab.DESKTOP-BQ1736K\.m2\repository\org\springframework\spring-context\6.0.7\spring-context-6.0.7.jar;C:\Users\rihab.DESKTOP-BQ1736K\.m2\repository\org\springframework\spring-beans\6.0.7\spring-beans-6.0.7.jar;C:\Users\rihab.DESKTOP-BQ1736K\.m2\repository\org\springframework\spring-expression\6.0.7\spring-expression-6.0.7.jar;C:\Users\rihab.DESKTOP-BQ1736K\.m2\repository\org\springframework\data\spring-data-commons\3.0.4\spring-data-commons-3.0.4.jar;C:\Users\rihab.DESKTOP-BQ1736K\.m2\repository\org\slf4j\slf4j-api\2.0.7\slf4j-api-2.0.7.jar;C:\Users\rihab.DESKTOP-BQ1736K\.m2\repository\org\springframework\boot\spring-boot-starter-web\3.0.5\spring-boot-starter-web-3.0.5.jar;C:\Users\rihab.DESKTOP-BQ1736K\.m2\repository\org\springframework\boot\spring-boot-starter-json\3.0.5\spring-boot-starter-json-3.0.5.jar;C:\Users\rihab.DESKTOP-BQ1736K\.m2\repository\com\fasterxml\jackson\core\jackson-databind\2.14.2\jackson-databind-2.14.2.jar;C:\Users\rihab.DESKTOP-BQ1736K\.m2\repository\com\fasterxml\jackson\core\jackson-annotations\2.14.2\jackson-annotations-2.14.2.jar;C:\Users\rihab.DESKTOP-BQ1736K\.m2\repository\com\fasterxml\jackson\core\jackson-core\2.14.2\jackson-core-2.14.2.jar;C:\Users\rihab.DESKTOP-BQ1736K\.m2\repository\com\fasterxml\jackson\datatype\jackson-datatype-jdk8\2.14.2\jackson-datatype-jdk8-2.14.2.jar;C:\Users\rihab.DESKTOP-BQ1736K\.m2\repository\com\fasterxml\jackson\datatype\jackson-datatype-jsr310\2.14.2\jackson-datatype-jsr310-2.14.2.jar;C:\Users\rihab.DESKTOP-BQ1736K\.m2\repository\com\fasterxml\jackson\module\jackson-module-parameter-names\2.14.2\jackson-module-parameter-names-2.14.2.jar;C:\Users\rihab.DESKTOP-BQ1736K\.m2\repository\org\springframework\boot\spring-boot-starter-tomcat\3.0.5\spring-boot-starter-tomcat-3.0.5.jar;C:\Users\rihab.DESKTOP-BQ1736K\.m2\repository\org\apache\tomcat\embed\tomcat-embed-core\10.1.7\tomcat-embed-core-10.1.7.jar;C:\Users\rihab.DESKTOP-BQ1736K\.m2\repository\org\apache\tomcat\embed\tomcat-embed-el\10.1.7\tomcat-embed-el-10.1.7.jar;C:\Users\rihab.DESKTOP-BQ1736K\.m2\repository\org\apache\tomcat\embed\tomcat-embed-websocket\10.1.7\tomcat-embed-websocket-10.1.7.jar;C:\Users\rihab.DESKTOP-BQ1736K\.m2\repository\org\springframework\spring-web\6.0.7\spring-web-6.0.7.jar;C:\Users\rihab.DESKTOP-BQ1736K\.m2\repository\io\micrometer\micrometer-observation\1.10.5\micrometer-observation-1.10.5.jar;C:\Users\rihab.DESKTOP-BQ1736K\.m2\repository\io\micrometer\micrometer-commons\1.10.5\micrometer-commons-1.10.5.jar;C:\Users\rihab.DESKTOP-BQ1736K\.m2\repository\org\springframework\spring-webmvc\6.0.7\spring-webmvc-6.0.7.jar;C:\Users\rihab.DESKTOP-BQ1736K\.m2\repository\org\springframework\spring-aop\6.0.7\spring-aop-6.0.7.jar;C:\Users\rihab.DESKTOP-BQ1736K\.m2\repository\org\projectlombok\lombok\1.18.26\lombok-1.18.26.jar;C:\Users\rihab.DESKTOP-BQ1736K\.m2\repository\org\springframework\spring-core\6.0.7\spring-core-6.0.7.jar;C:\Users\rihab.DESKTOP-BQ1736K\.m2\repository\org\springframework\spring-jcl\6.0.7\spring-jcl-6.0.7.jar
Launcher Type: SUN_STANDARD

[Global flags]
     intx CICompilerCount                          = 3                                         {product} {ergonomic}
     uint ConcGCThreads                            = 1                                         {product} {ergonomic}
     uint G1ConcRefinementThreads                  = 4                                         {product} {ergonomic}
   size_t G1HeapRegionSize                         = 1048576                                   {product} {ergonomic}
    uintx GCDrainStackTargetSize                   = 64                                        {product} {ergonomic}
   size_t InitialHeapSize                          = 134217728                                 {product} {ergonomic}
   size_t MarkStackSize                            = 4194304                                   {product} {ergonomic}
   size_t MaxHeapSize                              = 2118123520                                {product} {ergonomic}
   size_t MaxNewSize                               = 1270874112                                {product} {ergonomic}
   size_t MinHeapDeltaBytes                        = 1048576                                   {product} {ergonomic}
   size_t MinHeapSize                              = 8388608                                   {product} {ergonomic}
    uintx NonNMethodCodeHeapSize                   = 5832780                                {pd product} {ergonomic}
    uintx NonProfiledCodeHeapSize                  = 122912730                              {pd product} {ergonomic}
    uintx ProfiledCodeHeapSize                     = 122912730                              {pd product} {ergonomic}
    uintx ReservedCodeCacheSize                    = 251658240                              {pd product} {ergonomic}
     bool SegmentedCodeCache                       = true                                      {product} {ergonomic}
   size_t SoftMaxHeapSize                          = 2118123520                             {manageable} {ergonomic}
     bool UseCompressedClassPointers               = true                           {product lp64_product} {ergonomic}
     bool UseCompressedOops                        = true                           {product lp64_product} {ergonomic}
     bool UseG1GC                                  = true                                      {product} {ergonomic}
     bool UseLargePagesIndividualAllocation        = false                                  {pd product} {ergonomic}

Logging:
Log output configuration:
 #0: stdout all=warning uptime,level,tags foldmultilines=false
 #1: stderr all=off uptime,level,tags foldmultilines=false

Environment Variables:
JAVA_HOME=C:\Program Files\Java\jdk-18.0.2.1\bin
PATH=C:\Program Files\Common Files\Oracle\Java\javapath;C:\Windows\system32;C:\Windows;C:\Windows\System32\Wbem;C:\Windows\System32\WindowsPowerShell\v1.0\;C:\Windows\System32\OpenSSH\;C:\Program Files\Java\jre1.8.0_351\bin;C:\Program Files\PuTTY\;C:\xampp\php;C:\Program Files\Git\cmd;C:\Program Files\nodejs\;C:\ProgramData\chocolatey\bin;C:\Program Files\MongoDB\Server\6.0\bin;C:\Users\rihab.DESKTOP-BQ1736K\AppData\Local\Programs\Python\Python38\Scripts\;C:\Users\rihab.DESKTOP-BQ1736K\AppData\Local\Programs\Python\Python38\;C:\Users\rihab.DESKTOP-BQ1736K\AppData\Local\Microsoft\WindowsApps;E:\JetBrains\PyCharm Community Edition 2022.3\bin;;D:\Microsoft VS Code\bin;C:\Users\rihab.DESKTOP-BQ1736K\AppData\Roaming\npm;C:\Users\rihab.DESKTOP-BQ1736K\AppData\Local\Android\Sdk\platform-tools;C:\Program Files\MongoDB\Server\6.0\bin;C:\Users\rihab.DESKTOP-BQ1736K\Desktop\mongosh-1.8.0-win32-x64\bin;;F:\JetBrains\IntelliJ IDEA Community Edition 2022.3.3\bin;
USERNAME=rihab
OS=Windows_NT
PROCESSOR_IDENTIFIER=Intel64 Family 6 Model 142 Stepping 9, GenuineIntel



---------------  S Y S T E M  ---------------

OS:
 Windows 10 , 64 bit Build 18362 (10.0.18362.1500)
OS uptime: 1 days 5:28 hours

CPU: total 4 (initial active 4) (2 cores per cpu, 2 threads per core) family 6 model 142 stepping 9 microcode 0xde, cx8, cmov, fxsr, ht, mmx, 3dnowpref, sse, sse2, sse3, ssse3, sse4.1, sse4.2, popcnt, lzcnt, tsc, tscinvbit, avx, avx2, aes, erms, clmul, bmi1, bmi2, adx, fma, vzeroupper, clflush, clflushopt

Memory: 4k page, system-wide physical 8072M (1707M free)
TotalPageFile size 10072M (AvailPageFile size 15M)
current process WorkingSet (physical memory assigned to process): 52M, peak: 170M
current process commit charge ("private bytes"): 198M, peak: 263M

vm_info: Java HotSpot(TM) 64-Bit Server VM (18.0.2.1+1-1) for windows-amd64 JRE (18.0.2.1+1-1), built on Aug 16 2022 01:46:33 by "mach5one" with MS VC++ 16.8 / 16.9 (VS2019)

END.
