#
# There is insufficient memory for the Java Runtime Environment to continue.
# Native memory allocation (malloc) failed to allocate 1475776 bytes for Chunk::new
# Possible reasons:
#   The system is out of physical RAM or swap space
#   The process is running with CompressedOops enabled, and the Java Heap may be blocking the growth of the native heap
# Possible solutions:
#   Reduce memory load on the system
#   Increase physical memory or swap space
#   Check if swap backing store is full
#   Decrease Java heap size (-Xmx/-Xms)
#   Decrease number of Java threads
#   Decrease Java thread stack sizes (-Xss)
#   Set larger code cache with -XX:ReservedCodeCacheSize=
#   JVM is running with Unscaled Compressed Oops mode in which the Java heap is
#     placed in the first 4GB address space. The Java Heap base address is the
#     maximum limit for the native heap growth. Please use -XX:HeapBaseMinAddress
#     to set the Java Heap base and to place the Java Heap above 4GB virtual address.
# This output file may be truncated or incomplete.
#
#  Out of Memory Error (arena.cpp:184), pid=7448, tid=10732
#
# JRE version: Java(TM) SE Runtime Environment (18.0.2.1+1) (build 18.0.2.1+1-1)
# Java VM: Java HotSpot(TM) 64-Bit Server VM (18.0.2.1+1-1, mixed mode, sharing, tiered, compressed oops, compressed class ptrs, g1 gc, windows-amd64)
# No core dump will be written. Minidumps are not enabled by default on client versions of Windows
#

---------------  S U M M A R Y ------------

Command Line: -javaagent:C:\Program Files\JetBrains\IntelliJ IDEA Community Edition 2022.3.3\lib\idea_rt.jar=52396:C:\Program Files\JetBrains\IntelliJ IDEA Community Edition 2022.3.3\bin -Dfile.encoding=UTF-8 -Dsun.stdout.encoding=UTF-8 -Dsun.stderr.encoding=UTF-8 com.example.crudApp.CrudAppApplication

Host: Intel(R) Core(TM) i7-7500U CPU @ 2.70GHz, 4 cores, 7G,  Windows 10 , 64 bit Build 18362 (10.0.18362.1500)
Time: Sun Mar 26 05:15:46 2023 Afr. centrale Ouest elapsed time: 3.140157 seconds (0d 0h 0m 3s)

---------------  T H R E A D  ---------------

Current thread (0x000002434aa79320):  JavaThread "C2 CompilerThread1" daemon [_thread_in_native, id=10732, stack(0x000000c91e800000,0x000000c91e900000)]


Current CompileTask:
C2:   3140 1768       4       java.lang.invoke.MethodType::makeImpl (109 bytes)

Stack: [0x000000c91e800000,0x000000c91e900000]
Native frames: (J=compiled Java code, j=interpreted, Vv=VM code, C=native code)
V  [jvm.dll+0x6993aa]
V  [jvm.dll+0x7f46dd]
V  [jvm.dll+0x7f5fee]
V  [jvm.dll+0x7f66a3]
V  [jvm.dll+0x25cf1f]
V  [jvm.dll+0xb8c2f]
V  [jvm.dll+0xb8fa5]
V  [jvm.dll+0x3860cb]
V  [jvm.dll+0x34fe71]
V  [jvm.dll+0x34f30a]
V  [jvm.dll+0x230101]
V  [jvm.dll+0x22f4d1]
V  [jvm.dll+0x1ba01c]
V  [jvm.dll+0x23ee0a]
V  [jvm.dll+0x23d0f5]
V  [jvm.dll+0x7a6dd1]
V  [jvm.dll+0x7a120a]
V  [jvm.dll+0x698255]
C  [ucrtbase.dll+0x210b2]
C  [KERNEL32.DLL+0x17c24]
C  [ntdll.dll+0x6d721]


---------------  P R O C E S S  ---------------

Threads class SMR info:
_java_thread_list=0x000002434ab2cc00, length=14, elements={
0x0000024325eab410, 0x00000243456e6bb0, 0x00000243456e7ec0, 0x0000024345702830,
0x00000243457030e0, 0x0000024345704540, 0x000002434570af90, 0x000002434570e330,
0x0000024345730c40, 0x0000024345743d00, 0x00000243456cfda0, 0x0000024349bea3f0,
0x0000024349c983f0, 0x000002434aa79320
}

Java Threads: ( => current thread )
  0x0000024325eab410 JavaThread "main" [_thread_in_vm, id=592, stack(0x000000c91d000000,0x000000c91d100000)]
  0x00000243456e6bb0 JavaThread "Reference Handler" daemon [_thread_blocked, id=2204, stack(0x000000c91d700000,0x000000c91d800000)]
  0x00000243456e7ec0 JavaThread "Finalizer" daemon [_thread_blocked, id=8448, stack(0x000000c91d800000,0x000000c91d900000)]
  0x0000024345702830 JavaThread "Signal Dispatcher" daemon [_thread_blocked, id=4296, stack(0x000000c91d900000,0x000000c91da00000)]
  0x00000243457030e0 JavaThread "Attach Listener" daemon [_thread_blocked, id=11716, stack(0x000000c91da00000,0x000000c91db00000)]
  0x0000024345704540 JavaThread "Service Thread" daemon [_thread_blocked, id=6176, stack(0x000000c91db00000,0x000000c91dc00000)]
  0x000002434570af90 JavaThread "Monitor Deflation Thread" daemon [_thread_blocked, id=6236, stack(0x000000c91dc00000,0x000000c91dd00000)]
  0x000002434570e330 JavaThread "C2 CompilerThread0" daemon [_thread_blocked, id=11200, stack(0x000000c91dd00000,0x000000c91de00000)]
  0x0000024345730c40 JavaThread "C1 CompilerThread0" daemon [_thread_blocked, id=7624, stack(0x000000c91de00000,0x000000c91df00000)]
  0x0000024345743d00 JavaThread "Sweeper thread" daemon [_thread_blocked, id=8432, stack(0x000000c91df00000,0x000000c91e000000)]
  0x00000243456cfda0 JavaThread "Common-Cleaner" daemon [_thread_blocked, id=8776, stack(0x000000c91e000000,0x000000c91e100000)]
  0x0000024349bea3f0 JavaThread "Monitor Ctrl-Break" daemon [_thread_in_native, id=7744, stack(0x000000c91e100000,0x000000c91e200000)]
  0x0000024349c983f0 JavaThread "Notification Thread" daemon [_thread_blocked, id=7308, stack(0x000000c91e200000,0x000000c91e300000)]
=>0x000002434aa79320 JavaThread "C2 CompilerThread1" daemon [_thread_in_native, id=10732, stack(0x000000c91e800000,0x000000c91e900000)]

Other Threads:
  0x0000024325f23260 VMThread "VM Thread" [stack: 0x000000c91d600000,0x000000c91d700000] [id=6200]
  0x0000024325eac2c0 WatcherThread "VM Periodic Task Thread" [stack: 0x000000c91e300000,0x000000c91e400000] [id=11456]
  0x0000024325f0a000 WorkerThread "GC Thread#0" [stack: 0x000000c91d100000,0x000000c91d200000] [id=3128]
  0x000002434a320620 WorkerThread "GC Thread#1" [stack: 0x000000c91e400000,0x000000c91e500000] [id=2076]
  0x000002434a3208c0 WorkerThread "GC Thread#2" [stack: 0x000000c91e500000,0x000000c91e600000] [id=6884]
  0x000002434a225900 WorkerThread "GC Thread#3" [stack: 0x000000c91e600000,0x000000c91e700000] [id=8712]
  0x0000024325f1bad0 ConcurrentGCThread "G1 Main Marker" [stack: 0x000000c91d200000,0x000000c91d300000] [id=4944]
  0x0000024325f1cb70 WorkerThread "G1 Conc#0" [stack: 0x000000c91d300000,0x000000c91d400000] [id=2800]
  0x0000024325f5b750 ConcurrentGCThread "G1 Refine#0" [stack: 0x000000c91d400000,0x000000c91d500000] [id=9036]
  0x0000024325f5bf70 ConcurrentGCThread "G1 Service" [stack: 0x000000c91d500000,0x000000c91d600000] [id=1152]

Threads with active compile tasks:
C2 CompilerThread1     3295 1768       4       java.lang.invoke.MethodType::makeImpl (109 bytes)

VM state: not at safepoint (normal execution)

VM Mutex/Monitor currently owned by a thread: None

Heap address: 0x0000000081c00000, size: 2020 MB, Compressed Oops mode: 32-bit

CDS archive(s) mapped at: [0x0000000800000000-0x0000000800ba0000-0x0000000800ba0000), size 12189696, SharedBaseAddress: 0x0000000800000000, ArchiveRelocationMode: 0.
Compressed class space mapped at: 0x0000000800c00000-0x0000000840c00000, reserved size: 1073741824
Narrow klass base: 0x0000000800000000, Narrow klass shift: 0, Narrow klass range: 0x100000000

GC Precious Log:
 CardTable entry size: 512
 Card Set container configuration: InlinePtr #cards 5 size 8 Array Of Cards #cards 12 size 40 Howl #buckets 4 coarsen threshold 1843 Howl Bitmap #cards 512 size 80 coarsen threshold 460 Card regions per heap region 1 cards per card region 2048
 CPUs: 4 total, 4 available
 Memory: 8072M
 Large Page Support: Disabled
 NUMA Support: Disabled
 Compressed Oops: Enabled (32-bit)
 Heap Region Size: 1M
 Heap Min Capacity: 8M
 Heap Initial Capacity: 128M
 Heap Max Capacity: 2020M
 Pre-touch: Disabled
 Parallel Workers: 4
 Concurrent Workers: 1
 Concurrent Refinement Workers: 4
 Periodic GC: Disabled

Heap:
 garbage-first heap   total 131072K, used 16299K [0x0000000081c00000, 0x0000000100000000)
  region size 1024K, 13 young (13312K), 3 survivors (3072K)
 Metaspace       used 15735K, committed 15936K, reserved 1114112K
  class space    used 1882K, committed 1984K, reserved 1048576K

Heap Regions: E=young(eden), S=young(survivor), O=old, HS=humongous(starts), HC=humongous(continues), CS=collection set, F=free, OA=open archive, CA=closed archive, TAMS=top-at-mark-start (previous, next)
|   0|0x0000000081c00000, 0x0000000081d00000, 0x0000000081d00000|100%| O|  |TAMS 0x0000000081c00000, 0x0000000081c00000| Untracked 
|   1|0x0000000081d00000, 0x0000000081e00000, 0x0000000081e00000|100%| O|  |TAMS 0x0000000081d00000, 0x0000000081d00000| Untracked 
|   2|0x0000000081e00000, 0x0000000081f00000, 0x0000000081f00000|100%| O|  |TAMS 0x0000000081e00000, 0x0000000081e00000| Untracked 
|   3|0x0000000081f00000, 0x0000000082000000, 0x0000000082000000|100%| O|  |TAMS 0x0000000081f00000, 0x0000000081f00000| Untracked 
|   4|0x0000000082000000, 0x0000000082000000, 0x0000000082100000|  0%| F|  |TAMS 0x0000000082000000, 0x0000000082000000| Untracked 
|   5|0x0000000082100000, 0x0000000082100000, 0x0000000082200000|  0%| F|  |TAMS 0x0000000082100000, 0x0000000082100000| Untracked 
|   6|0x0000000082200000, 0x0000000082200000, 0x0000000082300000|  0%| F|  |TAMS 0x0000000082200000, 0x0000000082200000| Untracked 
|   7|0x0000000082300000, 0x0000000082300000, 0x0000000082400000|  0%| F|  |TAMS 0x0000000082300000, 0x0000000082300000| Untracked 
|   8|0x0000000082400000, 0x0000000082400000, 0x0000000082500000|  0%| F|  |TAMS 0x0000000082400000, 0x0000000082400000| Untracked 
|   9|0x0000000082500000, 0x0000000082500000, 0x0000000082600000|  0%| F|  |TAMS 0x0000000082500000, 0x0000000082500000| Untracked 
|  10|0x0000000082600000, 0x0000000082600000, 0x0000000082700000|  0%| F|  |TAMS 0x0000000082600000, 0x0000000082600000| Untracked 
|  11|0x0000000082700000, 0x0000000082700000, 0x0000000082800000|  0%| F|  |TAMS 0x0000000082700000, 0x0000000082700000| Untracked 
|  12|0x0000000082800000, 0x0000000082800000, 0x0000000082900000|  0%| F|  |TAMS 0x0000000082800000, 0x0000000082800000| Untracked 
|  13|0x0000000082900000, 0x0000000082900000, 0x0000000082a00000|  0%| F|  |TAMS 0x0000000082900000, 0x0000000082900000| Untracked 
|  14|0x0000000082a00000, 0x0000000082a00000, 0x0000000082b00000|  0%| F|  |TAMS 0x0000000082a00000, 0x0000000082a00000| Untracked 
|  15|0x0000000082b00000, 0x0000000082b00000, 0x0000000082c00000|  0%| F|  |TAMS 0x0000000082b00000, 0x0000000082b00000| Untracked 
|  16|0x0000000082c00000, 0x0000000082c00000, 0x0000000082d00000|  0%| F|  |TAMS 0x0000000082c00000, 0x0000000082c00000| Untracked 
|  17|0x0000000082d00000, 0x0000000082d00000, 0x0000000082e00000|  0%| F|  |TAMS 0x0000000082d00000, 0x0000000082d00000| Untracked 
|  18|0x0000000082e00000, 0x0000000082e00000, 0x0000000082f00000|  0%| F|  |TAMS 0x0000000082e00000, 0x0000000082e00000| Untracked 
|  19|0x0000000082f00000, 0x0000000082f00000, 0x0000000083000000|  0%| F|  |TAMS 0x0000000082f00000, 0x0000000082f00000| Untracked 
|  20|0x0000000083000000, 0x0000000083000000, 0x0000000083100000|  0%| F|  |TAMS 0x0000000083000000, 0x0000000083000000| Untracked 
|  21|0x0000000083100000, 0x0000000083100000, 0x0000000083200000|  0%| F|  |TAMS 0x0000000083100000, 0x0000000083100000| Untracked 
|  22|0x0000000083200000, 0x0000000083200000, 0x0000000083300000|  0%| F|  |TAMS 0x0000000083200000, 0x0000000083200000| Untracked 
|  23|0x0000000083300000, 0x0000000083300000, 0x0000000083400000|  0%| F|  |TAMS 0x0000000083300000, 0x0000000083300000| Untracked 
|  24|0x0000000083400000, 0x0000000083400000, 0x0000000083500000|  0%| F|  |TAMS 0x0000000083400000, 0x0000000083400000| Untracked 
|  25|0x0000000083500000, 0x0000000083500000, 0x0000000083600000|  0%| F|  |TAMS 0x0000000083500000, 0x0000000083500000| Untracked 
|  26|0x0000000083600000, 0x0000000083600000, 0x0000000083700000|  0%| F|  |TAMS 0x0000000083600000, 0x0000000083600000| Untracked 
|  27|0x0000000083700000, 0x0000000083700000, 0x0000000083800000|  0%| F|  |TAMS 0x0000000083700000, 0x0000000083700000| Untracked 
|  28|0x0000000083800000, 0x0000000083800000, 0x0000000083900000|  0%| F|  |TAMS 0x0000000083800000, 0x0000000083800000| Untracked 
|  29|0x0000000083900000, 0x0000000083900000, 0x0000000083a00000|  0%| F|  |TAMS 0x0000000083900000, 0x0000000083900000| Untracked 
|  30|0x0000000083a00000, 0x0000000083a00000, 0x0000000083b00000|  0%| F|  |TAMS 0x0000000083a00000, 0x0000000083a00000| Untracked 
|  31|0x0000000083b00000, 0x0000000083b00000, 0x0000000083c00000|  0%| F|  |TAMS 0x0000000083b00000, 0x0000000083b00000| Untracked 
|  32|0x0000000083c00000, 0x0000000083c00000, 0x0000000083d00000|  0%| F|  |TAMS 0x0000000083c00000, 0x0000000083c00000| Untracked 
|  33|0x0000000083d00000, 0x0000000083d00000, 0x0000000083e00000|  0%| F|  |TAMS 0x0000000083d00000, 0x0000000083d00000| Untracked 
|  34|0x0000000083e00000, 0x0000000083e00000, 0x0000000083f00000|  0%| F|  |TAMS 0x0000000083e00000, 0x0000000083e00000| Untracked 
|  35|0x0000000083f00000, 0x0000000083f00000, 0x0000000084000000|  0%| F|  |TAMS 0x0000000083f00000, 0x0000000083f00000| Untracked 
|  36|0x0000000084000000, 0x0000000084000000, 0x0000000084100000|  0%| F|  |TAMS 0x0000000084000000, 0x0000000084000000| Untracked 
|  37|0x0000000084100000, 0x0000000084100000, 0x0000000084200000|  0%| F|  |TAMS 0x0000000084100000, 0x0000000084100000| Untracked 
|  38|0x0000000084200000, 0x0000000084200000, 0x0000000084300000|  0%| F|  |TAMS 0x0000000084200000, 0x0000000084200000| Untracked 
|  39|0x0000000084300000, 0x0000000084300000, 0x0000000084400000|  0%| F|  |TAMS 0x0000000084300000, 0x0000000084300000| Untracked 
|  40|0x0000000084400000, 0x0000000084400000, 0x0000000084500000|  0%| F|  |TAMS 0x0000000084400000, 0x0000000084400000| Untracked 
|  41|0x0000000084500000, 0x0000000084500000, 0x0000000084600000|  0%| F|  |TAMS 0x0000000084500000, 0x0000000084500000| Untracked 
|  42|0x0000000084600000, 0x0000000084600000, 0x0000000084700000|  0%| F|  |TAMS 0x0000000084600000, 0x0000000084600000| Untracked 
|  43|0x0000000084700000, 0x0000000084700000, 0x0000000084800000|  0%| F|  |TAMS 0x0000000084700000, 0x0000000084700000| Untracked 
|  44|0x0000000084800000, 0x0000000084800000, 0x0000000084900000|  0%| F|  |TAMS 0x0000000084800000, 0x0000000084800000| Untracked 
|  45|0x0000000084900000, 0x0000000084900000, 0x0000000084a00000|  0%| F|  |TAMS 0x0000000084900000, 0x0000000084900000| Untracked 
|  46|0x0000000084a00000, 0x0000000084a00000, 0x0000000084b00000|  0%| F|  |TAMS 0x0000000084a00000, 0x0000000084a00000| Untracked 
|  47|0x0000000084b00000, 0x0000000084b00000, 0x0000000084c00000|  0%| F|  |TAMS 0x0000000084b00000, 0x0000000084b00000| Untracked 
|  48|0x0000000084c00000, 0x0000000084c00000, 0x0000000084d00000|  0%| F|  |TAMS 0x0000000084c00000, 0x0000000084c00000| Untracked 
|  49|0x0000000084d00000, 0x0000000084d00000, 0x0000000084e00000|  0%| F|  |TAMS 0x0000000084d00000, 0x0000000084d00000| Untracked 
|  50|0x0000000084e00000, 0x0000000084e00000, 0x0000000084f00000|  0%| F|  |TAMS 0x0000000084e00000, 0x0000000084e00000| Untracked 
|  51|0x0000000084f00000, 0x0000000084f00000, 0x0000000085000000|  0%| F|  |TAMS 0x0000000084f00000, 0x0000000084f00000| Untracked 
|  52|0x0000000085000000, 0x0000000085000000, 0x0000000085100000|  0%| F|  |TAMS 0x0000000085000000, 0x0000000085000000| Untracked 
|  53|0x0000000085100000, 0x0000000085100000, 0x0000000085200000|  0%| F|  |TAMS 0x0000000085100000, 0x0000000085100000| Untracked 
|  54|0x0000000085200000, 0x0000000085200000, 0x0000000085300000|  0%| F|  |TAMS 0x0000000085200000, 0x0000000085200000| Untracked 
|  55|0x0000000085300000, 0x0000000085300000, 0x0000000085400000|  0%| F|  |TAMS 0x0000000085300000, 0x0000000085300000| Untracked 
|  56|0x0000000085400000, 0x0000000085400000, 0x0000000085500000|  0%| F|  |TAMS 0x0000000085400000, 0x0000000085400000| Untracked 
|  57|0x0000000085500000, 0x0000000085500000, 0x0000000085600000|  0%| F|  |TAMS 0x0000000085500000, 0x0000000085500000| Untracked 
|  58|0x0000000085600000, 0x0000000085600000, 0x0000000085700000|  0%| F|  |TAMS 0x0000000085600000, 0x0000000085600000| Untracked 
|  59|0x0000000085700000, 0x0000000085700000, 0x0000000085800000|  0%| F|  |TAMS 0x0000000085700000, 0x0000000085700000| Untracked 
|  60|0x0000000085800000, 0x0000000085800000, 0x0000000085900000|  0%| F|  |TAMS 0x0000000085800000, 0x0000000085800000| Untracked 
|  61|0x0000000085900000, 0x0000000085900000, 0x0000000085a00000|  0%| F|  |TAMS 0x0000000085900000, 0x0000000085900000| Untracked 
|  62|0x0000000085a00000, 0x0000000085a00000, 0x0000000085b00000|  0%| F|  |TAMS 0x0000000085a00000, 0x0000000085a00000| Untracked 
|  63|0x0000000085b00000, 0x0000000085b00000, 0x0000000085c00000|  0%| F|  |TAMS 0x0000000085b00000, 0x0000000085b00000| Untracked 
|  64|0x0000000085c00000, 0x0000000085c00000, 0x0000000085d00000|  0%| F|  |TAMS 0x0000000085c00000, 0x0000000085c00000| Untracked 
|  65|0x0000000085d00000, 0x0000000085d00000, 0x0000000085e00000|  0%| F|  |TAMS 0x0000000085d00000, 0x0000000085d00000| Untracked 
|  66|0x0000000085e00000, 0x0000000085e00000, 0x0000000085f00000|  0%| F|  |TAMS 0x0000000085e00000, 0x0000000085e00000| Untracked 
|  67|0x0000000085f00000, 0x0000000085f00000, 0x0000000086000000|  0%| F|  |TAMS 0x0000000085f00000, 0x0000000085f00000| Untracked 
|  68|0x0000000086000000, 0x0000000086000000, 0x0000000086100000|  0%| F|  |TAMS 0x0000000086000000, 0x0000000086000000| Untracked 
|  69|0x0000000086100000, 0x0000000086100000, 0x0000000086200000|  0%| F|  |TAMS 0x0000000086100000, 0x0000000086100000| Untracked 
|  70|0x0000000086200000, 0x0000000086200000, 0x0000000086300000|  0%| F|  |TAMS 0x0000000086200000, 0x0000000086200000| Untracked 
|  71|0x0000000086300000, 0x0000000086300000, 0x0000000086400000|  0%| F|  |TAMS 0x0000000086300000, 0x0000000086300000| Untracked 
|  72|0x0000000086400000, 0x0000000086400000, 0x0000000086500000|  0%| F|  |TAMS 0x0000000086400000, 0x0000000086400000| Untracked 
|  73|0x0000000086500000, 0x0000000086500000, 0x0000000086600000|  0%| F|  |TAMS 0x0000000086500000, 0x0000000086500000| Untracked 
|  74|0x0000000086600000, 0x0000000086600000, 0x0000000086700000|  0%| F|  |TAMS 0x0000000086600000, 0x0000000086600000| Untracked 
|  75|0x0000000086700000, 0x0000000086700000, 0x0000000086800000|  0%| F|  |TAMS 0x0000000086700000, 0x0000000086700000| Untracked 
|  76|0x0000000086800000, 0x0000000086800000, 0x0000000086900000|  0%| F|  |TAMS 0x0000000086800000, 0x0000000086800000| Untracked 
|  77|0x0000000086900000, 0x0000000086900000, 0x0000000086a00000|  0%| F|  |TAMS 0x0000000086900000, 0x0000000086900000| Untracked 
|  78|0x0000000086a00000, 0x0000000086a00000, 0x0000000086b00000|  0%| F|  |TAMS 0x0000000086a00000, 0x0000000086a00000| Untracked 
|  79|0x0000000086b00000, 0x0000000086b00000, 0x0000000086c00000|  0%| F|  |TAMS 0x0000000086b00000, 0x0000000086b00000| Untracked 
|  80|0x0000000086c00000, 0x0000000086c00000, 0x0000000086d00000|  0%| F|  |TAMS 0x0000000086c00000, 0x0000000086c00000| Untracked 
|  81|0x0000000086d00000, 0x0000000086d00000, 0x0000000086e00000|  0%| F|  |TAMS 0x0000000086d00000, 0x0000000086d00000| Untracked 
|  82|0x0000000086e00000, 0x0000000086e00000, 0x0000000086f00000|  0%| F|  |TAMS 0x0000000086e00000, 0x0000000086e00000| Untracked 
|  83|0x0000000086f00000, 0x0000000086f00000, 0x0000000087000000|  0%| F|  |TAMS 0x0000000086f00000, 0x0000000086f00000| Untracked 
|  84|0x0000000087000000, 0x0000000087000000, 0x0000000087100000|  0%| F|  |TAMS 0x0000000087000000, 0x0000000087000000| Untracked 
|  85|0x0000000087100000, 0x0000000087100000, 0x0000000087200000|  0%| F|  |TAMS 0x0000000087100000, 0x0000000087100000| Untracked 
|  86|0x0000000087200000, 0x0000000087200000, 0x0000000087300000|  0%| F|  |TAMS 0x0000000087200000, 0x0000000087200000| Untracked 
|  87|0x0000000087300000, 0x0000000087300000, 0x0000000087400000|  0%| F|  |TAMS 0x0000000087300000, 0x0000000087300000| Untracked 
|  88|0x0000000087400000, 0x0000000087400000, 0x0000000087500000|  0%| F|  |TAMS 0x0000000087400000, 0x0000000087400000| Untracked 
|  89|0x0000000087500000, 0x0000000087500000, 0x0000000087600000|  0%| F|  |TAMS 0x0000000087500000, 0x0000000087500000| Untracked 
|  90|0x0000000087600000, 0x0000000087600000, 0x0000000087700000|  0%| F|  |TAMS 0x0000000087600000, 0x0000000087600000| Untracked 
|  91|0x0000000087700000, 0x0000000087700000, 0x0000000087800000|  0%| F|  |TAMS 0x0000000087700000, 0x0000000087700000| Untracked 
|  92|0x0000000087800000, 0x0000000087800000, 0x0000000087900000|  0%| F|  |TAMS 0x0000000087800000, 0x0000000087800000| Untracked 
|  93|0x0000000087900000, 0x0000000087900000, 0x0000000087a00000|  0%| F|  |TAMS 0x0000000087900000, 0x0000000087900000| Untracked 
|  94|0x0000000087a00000, 0x0000000087a00000, 0x0000000087b00000|  0%| F|  |TAMS 0x0000000087a00000, 0x0000000087a00000| Untracked 
|  95|0x0000000087b00000, 0x0000000087b00000, 0x0000000087c00000|  0%| F|  |TAMS 0x0000000087b00000, 0x0000000087b00000| Untracked 
|  96|0x0000000087c00000, 0x0000000087c00000, 0x0000000087d00000|  0%| F|  |TAMS 0x0000000087c00000, 0x0000000087c00000| Untracked 
|  97|0x0000000087d00000, 0x0000000087d00000, 0x0000000087e00000|  0%| F|  |TAMS 0x0000000087d00000, 0x0000000087d00000| Untracked 
|  98|0x0000000087e00000, 0x0000000087eeaf00, 0x0000000087f00000| 91%| S|CS|TAMS 0x0000000087e00000, 0x0000000087e00000| Complete 
|  99|0x0000000087f00000, 0x0000000088000000, 0x0000000088000000|100%| S|CS|TAMS 0x0000000087f00000, 0x0000000087f00000| Complete 
| 100|0x0000000088000000, 0x0000000088100000, 0x0000000088100000|100%| S|CS|TAMS 0x0000000088000000, 0x0000000088000000| Complete 
| 101|0x0000000088100000, 0x0000000088100000, 0x0000000088200000|  0%| F|  |TAMS 0x0000000088100000, 0x0000000088100000| Untracked 
| 102|0x0000000088200000, 0x0000000088200000, 0x0000000088300000|  0%| F|  |TAMS 0x0000000088200000, 0x0000000088200000| Untracked 
| 103|0x0000000088300000, 0x0000000088300000, 0x0000000088400000|  0%| F|  |TAMS 0x0000000088300000, 0x0000000088300000| Untracked 
| 104|0x0000000088400000, 0x0000000088400000, 0x0000000088500000|  0%| F|  |TAMS 0x0000000088400000, 0x0000000088400000| Untracked 
| 105|0x0000000088500000, 0x0000000088500000, 0x0000000088600000|  0%| F|  |TAMS 0x0000000088500000, 0x0000000088500000| Untracked 
| 106|0x0000000088600000, 0x0000000088600000, 0x0000000088700000|  0%| F|  |TAMS 0x0000000088600000, 0x0000000088600000| Untracked 
| 107|0x0000000088700000, 0x0000000088700000, 0x0000000088800000|  0%| F|  |TAMS 0x0000000088700000, 0x0000000088700000| Untracked 
| 108|0x0000000088800000, 0x0000000088800000, 0x0000000088900000|  0%| F|  |TAMS 0x0000000088800000, 0x0000000088800000| Untracked 
| 109|0x0000000088900000, 0x0000000088900000, 0x0000000088a00000|  0%| F|  |TAMS 0x0000000088900000, 0x0000000088900000| Untracked 
| 110|0x0000000088a00000, 0x0000000088a00000, 0x0000000088b00000|  0%| F|  |TAMS 0x0000000088a00000, 0x0000000088a00000| Untracked 
| 111|0x0000000088b00000, 0x0000000088b00000, 0x0000000088c00000|  0%| F|  |TAMS 0x0000000088b00000, 0x0000000088b00000| Untracked 
| 112|0x0000000088c00000, 0x0000000088c00000, 0x0000000088d00000|  0%| F|  |TAMS 0x0000000088c00000, 0x0000000088c00000| Untracked 
| 113|0x0000000088d00000, 0x0000000088d00000, 0x0000000088e00000|  0%| F|  |TAMS 0x0000000088d00000, 0x0000000088d00000| Untracked 
| 114|0x0000000088e00000, 0x0000000088e00000, 0x0000000088f00000|  0%| F|  |TAMS 0x0000000088e00000, 0x0000000088e00000| Untracked 
| 115|0x0000000088f00000, 0x0000000088f00000, 0x0000000089000000|  0%| F|  |TAMS 0x0000000088f00000, 0x0000000088f00000| Untracked 
| 116|0x0000000089000000, 0x0000000089000000, 0x0000000089100000|  0%| F|  |TAMS 0x0000000089000000, 0x0000000089000000| Untracked 
| 117|0x0000000089100000, 0x0000000089100000, 0x0000000089200000|  0%| F|  |TAMS 0x0000000089100000, 0x0000000089100000| Untracked 
| 118|0x0000000089200000, 0x00000000892bc708, 0x0000000089300000| 73%| E|  |TAMS 0x0000000089200000, 0x0000000089200000| Complete 
| 119|0x0000000089300000, 0x0000000089400000, 0x0000000089400000|100%| E|CS|TAMS 0x0000000089300000, 0x0000000089300000| Complete 
| 120|0x0000000089400000, 0x0000000089500000, 0x0000000089500000|100%| E|CS|TAMS 0x0000000089400000, 0x0000000089400000| Complete 
| 121|0x0000000089500000, 0x0000000089600000, 0x0000000089600000|100%| E|CS|TAMS 0x0000000089500000, 0x0000000089500000| Complete 
| 122|0x0000000089600000, 0x0000000089700000, 0x0000000089700000|100%| E|CS|TAMS 0x0000000089600000, 0x0000000089600000| Complete 
| 123|0x0000000089700000, 0x0000000089800000, 0x0000000089800000|100%| E|CS|TAMS 0x0000000089700000, 0x0000000089700000| Complete 
| 124|0x0000000089800000, 0x0000000089900000, 0x0000000089900000|100%| E|CS|TAMS 0x0000000089800000, 0x0000000089800000| Complete 
| 125|0x0000000089900000, 0x0000000089a00000, 0x0000000089a00000|100%| E|CS|TAMS 0x0000000089900000, 0x0000000089900000| Complete 
| 126|0x0000000089a00000, 0x0000000089b00000, 0x0000000089b00000|100%| E|CS|TAMS 0x0000000089a00000, 0x0000000089a00000| Complete 
| 127|0x0000000089b00000, 0x0000000089c00000, 0x0000000089c00000|100%| E|CS|TAMS 0x0000000089b00000, 0x0000000089b00000| Complete 

Card table byte_map: [0x000002433e9f0000,0x000002433edf0000] _byte_map_base: 0x000002433e5e2000

Marking Bits (Prev, Next): (CMBitMap*) 0x0000024325f0b520, (CMBitMap*) 0x0000024325f0b560
 Prev Bits: [0x000002433f1f0000, 0x0000024341180000)
 Next Bits: [0x0000024341180000, 0x0000024343110000)

Polling page: 0x0000024325f60000

Metaspace:

Usage:
  Non-class:     13.53 MB used.
      Class:      1.84 MB used.
       Both:     15.37 MB used.

Virtual space:
  Non-class space:       64.00 MB reserved,      13.63 MB ( 21%) committed,  1 nodes.
      Class space:        1.00 GB reserved,       1.94 MB ( <1%) committed,  1 nodes.
             Both:        1.06 GB reserved,      15.56 MB (  1%) committed. 

Chunk freelists:
   Non-Class:  2.19 MB
       Class:  1.95 MB
        Both:  4.14 MB

MaxMetaspaceSize: unlimited
CompressedClassSpaceSize: 1.00 GB
Initial GC threshold: 21.00 MB
Current GC threshold: 21.00 MB
CDS: on
MetaspaceReclaimPolicy: balanced
 - commit_granule_bytes: 65536.
 - commit_granule_words: 8192.
 - virtual_space_node_default_size: 8388608.
 - enlarge_chunks_in_place: 1.
 - new_chunks_are_fully_committed: 0.
 - uncommit_free_chunks: 1.
 - use_allocation_guard: 0.


Internal statistics:

num_allocs_failed_limit: 0.
num_arena_births: 208.
num_arena_deaths: 0.
num_vsnodes_births: 2.
num_vsnodes_deaths: 0.
num_space_committed: 249.
num_space_uncommitted: 0.
num_chunks_returned_to_freelist: 0.
num_chunks_taken_from_freelist: 722.
num_chunk_merges: 0.
num_chunk_splits: 498.
num_chunks_enlarged: 401.
num_inconsistent_stats: 0.

CodeHeap 'non-profiled nmethods': size=120000Kb used=724Kb max_used=724Kb free=119276Kb
 bounds [0x0000024336a90000, 0x0000024336d00000, 0x000002433dfc0000]
CodeHeap 'profiled nmethods': size=120000Kb used=4168Kb max_used=4168Kb free=115831Kb
 bounds [0x000002432f560000, 0x000002432f980000, 0x0000024336a90000]
CodeHeap 'non-nmethods': size=5760Kb used=1189Kb max_used=1224Kb free=4571Kb
 bounds [0x000002432efc0000, 0x000002432f230000, 0x000002432f560000]
 total_blobs=2569 nmethods=2099 adapters=382
 compilation: enabled
              stopped_count=0, restarted_count=0
 full_count=0

Compilation events (20 events):
Event: 3.117 Thread 0x0000024345730c40 nmethod 1852 0x000002432f8d3610 code [0x000002432f8d37a0, 0x000002432f8d38c8]
Event: 3.119 Thread 0x000002434570e330 nmethod 1846 0x0000024336b2a590 code [0x0000024336b2a780, 0x0000024336b2aee0]
Event: 3.119 Thread 0x000002434570e330 1847   !   4       java.util.zip.ZipFile::getEntry (59 bytes)
Event: 3.123 Thread 0x0000024345730c40 1853       3       java.lang.StringLatin1::compareTo (52 bytes)
Event: 3.123 Thread 0x0000024345730c40 nmethod 1853 0x000002432f8d3990 code [0x000002432f8d3b60, 0x000002432f8d3f38]
Event: 3.123 Thread 0x0000024345730c40 1854       3       java.lang.String::compareTo (63 bytes)
Event: 3.123 Thread 0x0000024345730c40 nmethod 1854 0x000002432f8d4110 code [0x000002432f8d4320, 0x000002432f8d47b8]
Event: 3.123 Thread 0x0000024345730c40 1855       3       java.lang.StringLatin1::compareTo (14 bytes)
Event: 3.124 Thread 0x0000024345730c40 nmethod 1855 0x000002432f8d4990 code [0x000002432f8d4b40, 0x000002432f8d4c68]
Event: 3.124 Thread 0x0000024345730c40 1856       3       java.lang.String::compareTo (9 bytes)
Event: 3.124 Thread 0x0000024345730c40 nmethod 1856 0x000002432f8d4d90 code [0x000002432f8d4f40, 0x000002432f8d5168]
Event: 3.124 Thread 0x0000024345730c40 1857       3       java.util.HashSet::<init> (18 bytes)
Event: 3.124 Thread 0x0000024345730c40 nmethod 1857 0x000002432f8d5210 code [0x000002432f8d53e0, 0x000002432f8d5788]
Event: 3.124 Thread 0x0000024345730c40 1858       3       java.util.TreeMap::leftOf (13 bytes)
Event: 3.124 Thread 0x0000024345730c40 nmethod 1858 0x000002432f8d5910 code [0x000002432f8d5aa0, 0x000002432f8d5c18]
Event: 3.124 Thread 0x0000024345730c40 1860       3       java.util.TreeMap::setColor (10 bytes)
Event: 3.124 Thread 0x0000024345730c40 nmethod 1860 0x000002432f8d5d10 code [0x000002432f8d5ea0, 0x000002432f8d5fd8]
Event: 3.124 Thread 0x0000024345730c40 1861       3       org.apache.commons.logging.LogAdapter$Slf4jLog::isTraceEnabled (10 bytes)
Event: 3.124 Thread 0x0000024345730c40 nmethod 1861 0x000002432f8d6090 code [0x000002432f8d6240, 0x000002432f8d6448]
Event: 3.124 Thread 0x0000024345730c40 1862       3       java.util.HashMap::removeNode (291 bytes)

GC Heap History (6 events):
Event: 1.851 GC heap before
{Heap before GC invocations=0 (full 0):
 garbage-first heap   total 131072K, used 12288K [0x0000000081c00000, 0x0000000100000000)
  region size 1024K, 13 young (13312K), 0 survivors (0K)
 Metaspace       used 4191K, committed 4352K, reserved 1114112K
  class space    used 458K, committed 576K, reserved 1048576K
}
Event: 1.855 GC heap after
{Heap after GC invocations=1 (full 0):
 garbage-first heap   total 131072K, used 4107K [0x0000000081c00000, 0x0000000100000000)
  region size 1024K, 2 young (2048K), 2 survivors (2048K)
 Metaspace       used 4191K, committed 4352K, reserved 1114112K
  class space    used 458K, committed 576K, reserved 1048576K
}
Event: 2.544 GC heap before
{Heap before GC invocations=1 (full 0):
 garbage-first heap   total 131072K, used 17419K [0x0000000081c00000, 0x0000000100000000)
  region size 1024K, 15 young (15360K), 2 survivors (2048K)
 Metaspace       used 7851K, committed 8064K, reserved 1114112K
  class space    used 958K, committed 1088K, reserved 1048576K
}
Event: 2.548 GC heap after
{Heap after GC invocations=2 (full 0):
 garbage-first heap   total 131072K, used 5466K [0x0000000081c00000, 0x0000000100000000)
  region size 1024K, 2 young (2048K), 2 survivors (2048K)
 Metaspace       used 7851K, committed 8064K, reserved 1114112K
  class space    used 958K, committed 1088K, reserved 1048576K
}
Event: 3.035 GC heap before
{Heap before GC invocations=2 (full 0):
 garbage-first heap   total 131072K, used 30042K [0x0000000081c00000, 0x0000000100000000)
  region size 1024K, 27 young (27648K), 2 survivors (2048K)
 Metaspace       used 14527K, committed 14720K, reserved 1114112K
  class space    used 1753K, committed 1856K, reserved 1048576K
}
Event: 3.039 GC heap after
{Heap after GC invocations=3 (full 0):
 garbage-first heap   total 131072K, used 7083K [0x0000000081c00000, 0x0000000100000000)
  region size 1024K, 3 young (3072K), 3 survivors (3072K)
 Metaspace       used 14527K, committed 14720K, reserved 1114112K
  class space    used 1753K, committed 1856K, reserved 1048576K
}

Deoptimization events (20 events):
Event: 2.945 Thread 0x0000024325eab410 Uncommon trap: trap_request=0xffffff45 fr.pc=0x0000024336aa62c0 relative=0x0000000000000040
Event: 2.945 Thread 0x0000024325eab410 Uncommon trap: reason=unstable_if action=reinterpret pc=0x0000024336aa62c0 method=sun.nio.fs.WindowsPathParser.isSlash(C)Z @ 9 c2
Event: 2.945 Thread 0x0000024325eab410 DEOPT PACKING pc=0x0000024336aa62c0 sp=0x000000c91d0fe0d0
Event: 2.945 Thread 0x0000024325eab410 DEOPT UNPACKING pc=0x000002432f0123a3 sp=0x000000c91d0fe058 mode 2
Event: 2.951 Thread 0x0000024325eab410 Uncommon trap: trap_request=0xffffff45 fr.pc=0x0000024336b0b984 relative=0x0000000000000264
Event: 2.951 Thread 0x0000024325eab410 Uncommon trap: reason=unstable_if action=reinterpret pc=0x0000024336b0b984 method=java.util.StringTokenizer.scanToken(I)I @ 42 c2
Event: 2.951 Thread 0x0000024325eab410 DEOPT PACKING pc=0x0000024336b0b984 sp=0x000000c91d0fdb80
Event: 2.951 Thread 0x0000024325eab410 DEOPT UNPACKING pc=0x000002432f0123a3 sp=0x000000c91d0fdb10 mode 2
Event: 3.003 Thread 0x0000024325eab410 Uncommon trap: trap_request=0xffffff45 fr.pc=0x0000024336b06348 relative=0x0000000000000128
Event: 3.003 Thread 0x0000024325eab410 Uncommon trap: reason=unstable_if action=reinterpret pc=0x0000024336b06348 method=java.util.Arrays.equals([Ljava/lang/Object;[Ljava/lang/Object;)Z @ 44 c2
Event: 3.003 Thread 0x0000024325eab410 DEOPT PACKING pc=0x0000024336b06348 sp=0x000000c91d0fd770
Event: 3.003 Thread 0x0000024325eab410 DEOPT UNPACKING pc=0x000002432f0123a3 sp=0x000000c91d0fd710 mode 2
Event: 3.070 Thread 0x0000024325eab410 Uncommon trap: trap_request=0xffffff45 fr.pc=0x0000024336ae5fa8 relative=0x00000000000001e8
Event: 3.070 Thread 0x0000024325eab410 Uncommon trap: reason=unstable_if action=reinterpret pc=0x0000024336ae5fa8 method=java.util.concurrent.ConcurrentHashMap.addCount(JI)V @ 34 c2
Event: 3.070 Thread 0x0000024325eab410 DEOPT PACKING pc=0x0000024336ae5fa8 sp=0x000000c91d0fd5f0
Event: 3.070 Thread 0x0000024325eab410 DEOPT UNPACKING pc=0x000002432f0123a3 sp=0x000000c91d0fd530 mode 2
Event: 3.071 Thread 0x000002434a456140 DEOPT PACKING pc=0x000002432f884dc7 sp=0x000000c91e7fdf20
Event: 3.071 Thread 0x000002434a456140 DEOPT UNPACKING pc=0x000002432f012b43 sp=0x000000c91e7fd3f8 mode 0
Event: 3.116 Thread 0x0000024325eab410 DEOPT PACKING pc=0x000002432f884dc7 sp=0x000000c91d0fbbd0
Event: 3.116 Thread 0x0000024325eab410 DEOPT UNPACKING pc=0x000002432f012b43 sp=0x000000c91d0fb0a8 mode 0

Classes loaded (20 events):
Event: 2.950 Loading class java/util/stream/SortedOps$RefSortingSink
Event: 2.950 Loading class java/util/stream/SortedOps$AbstractRefSortingSink
Event: 2.950 Loading class java/util/stream/SortedOps$AbstractRefSortingSink done
Event: 2.950 Loading class java/util/stream/SortedOps$RefSortingSink done
Event: 2.950 Loading class sun/nio/fs/WindowsPath$WindowsPathWithAttributes
Event: 2.950 Loading class sun/nio/fs/BasicFileAttributesHolder
Event: 2.950 Loading class sun/nio/fs/BasicFileAttributesHolder done
Event: 2.950 Loading class sun/nio/fs/WindowsPath$WindowsPathWithAttributes done
Event: 2.951 Loading class java/util/regex/Pattern$LazyLoop
Event: 2.951 Loading class java/util/regex/Pattern$Loop
Event: 2.951 Loading class java/util/regex/Pattern$Loop done
Event: 2.951 Loading class java/util/regex/Pattern$LazyLoop done
Event: 2.952 Loading class java/util/regex/Pattern$Prolog
Event: 2.952 Loading class java/util/regex/Pattern$Prolog done
Event: 2.960 Loading class java/lang/AssertionError
Event: 2.963 Loading class java/lang/AssertionError done
Event: 3.080 Loading class javax/naming/ldap/LdapContext
Event: 3.080 Loading class javax/naming/directory/DirContext
Event: 3.080 Loading class javax/naming/directory/DirContext done
Event: 3.080 Loading class javax/naming/ldap/LdapContext done

Classes unloaded (0 events):
No events

Classes redefined (0 events):
No events

Internal exceptions (20 events):
Event: 2.349 Thread 0x0000024325eab410 Exception <a 'java/lang/NoSuchMethodError'{0x000000008913d9e8}: 'void java.lang.invoke.DirectMethodHandle$Holder.invokeStaticInit(java.lang.Object, java.lang.Object)'> (0x000000008913d9e8) 
thrown [s\open\src\hotspot\share\interpreter\linkResolver.cpp, line 759]
Event: 2.351 Thread 0x0000024325eab410 Exception <a 'java/lang/NoSuchMethodError'{0x0000000089149a48}: 'void java.lang.invoke.DirectMethodHandle$Holder.invokeStaticInit(java.lang.Object, java.lang.Object, java.lang.Object)'> (0x0000000089149a48) 
thrown [s\open\src\hotspot\share\interpreter\linkResolver.cpp, line 759]
Event: 2.353 Thread 0x0000024325eab410 Exception <a 'java/lang/NoSuchMethodError'{0x000000008915ab38}: 'java.lang.Object java.lang.invoke.DirectMethodHandle$Holder.invokeStatic(java.lang.Object, java.lang.Object, long, java.lang.Object)'> (0x000000008915ab38) 
thrown [s\open\src\hotspot\share\interpreter\linkResolver.cpp, line 759]
Event: 2.353 Thread 0x0000024325eab410 Exception <a 'java/lang/NoSuchMethodError'{0x000000008915e5c8}: 'java.lang.Object java.lang.invoke.DirectMethodHandle$Holder.invokeStaticInit(java.lang.Object, java.lang.Object, long, java.lang.Object)'> (0x000000008915e5c8) 
thrown [s\open\src\hotspot\share\interpreter\linkResolver.cpp, line 759]
Event: 2.354 Thread 0x0000024325eab410 Exception <a 'java/lang/NoSuchMethodError'{0x0000000089164d08}: 'java.lang.Object java.lang.invoke.DirectMethodHandle$Holder.newInvokeSpecial(java.lang.Object, java.lang.Object, long)'> (0x0000000089164d08) 
thrown [s\open\src\hotspot\share\interpreter\linkResolver.cpp, line 759]
Event: 2.354 Thread 0x0000024325eab410 Exception <a 'java/lang/NoSuchMethodError'{0x0000000089168880}: 'java.lang.Object java.lang.invoke.Invokers$Holder.linkToTargetMethod(java.lang.Object, long, java.lang.Object)'> (0x0000000089168880) 
thrown [s\open\src\hotspot\share\interpreter\linkResolver.cpp, line 759]
Event: 2.364 Thread 0x0000024325eab410 Exception <a 'java/lang/NoSuchMethodError'{0x00000000891a1e00}: 'void java.lang.invoke.DirectMethodHandle$Holder.invokeVirtual(java.lang.Object, java.lang.Object, java.lang.Object, java.lang.Object)'> (0x00000000891a1e00) 
thrown [s\open\src\hotspot\share\interpreter\linkResolver.cpp, line 759]
Event: 2.475 Thread 0x0000024325eab410 Exception <a 'java/lang/NoSuchMethodError'{0x00000000890d8248}: 'void java.lang.invoke.DirectMethodHandle$Holder.invokeSpecial(java.lang.Object, java.lang.Object, java.lang.Object)'> (0x00000000890d8248) 
thrown [s\open\src\hotspot\share\interpreter\linkResolver.cpp, line 759]
Event: 2.476 Thread 0x0000024325eab410 Exception <a 'java/lang/NoSuchMethodError'{0x00000000890de830}: 'void java.lang.invoke.DirectMethodHandle$Holder.invokeSpecial(java.lang.Object, java.lang.Object, java.lang.Object, java.lang.Object, java.lang.Object)'> (0x00000000890de830) 
thrown [s\open\src\hotspot\share\interpreter\linkResolver.cpp, line 759]
Event: 2.481 Thread 0x000002434a456140 Exception <a 'java/lang/NoClassDefFoundError'{0x0000000088f14f18}: jakarta/validation/Validation> (0x0000000088f14f18) 
thrown [s\open\src\hotspot\share\classfile\systemDictionary.cpp, line 244]
Event: 2.482 Thread 0x0000024325eab410 Exception <a 'java/lang/IncompatibleClassChangeError'{0x0000000088f23860}: Found class java.lang.Object, but interface was expected> (0x0000000088f23860) 
thrown [s\open\src\hotspot\share\interpreter\linkResolver.cpp, line 826]
Event: 2.675 Thread 0x0000024325eab410 Exception <a 'java/lang/NoSuchMethodError'{0x00000000893ed780}: 'int java.lang.invoke.Invokers$Holder.invokeExact_MT(java.lang.Object, java.lang.Object)'> (0x00000000893ed780) 
thrown [s\open\src\hotspot\share\interpreter\linkResolver.cpp, line 759]
Event: 2.945 Thread 0x0000024325eab410 Exception <a 'java/lang/NoSuchMethodError'{0x0000000088346b08}: 'int java.lang.invoke.DirectMethodHandle$Holder.invokeSpecial(java.lang.Object, java.lang.Object, java.lang.Object, java.lang.Object, java.lang.Object)'> (0x0000000088346b08) 
thrown [s\open\src\hotspot\share\interpreter\linkResolver.cpp, line 759]
Event: 2.948 Thread 0x0000024325eab410 Exception <a 'java/lang/NoSuchMethodError'{0x000000008834fb38}: 'void java.lang.invoke.DirectMethodHandle$Holder.invokeVirtual(java.lang.Object, java.lang.Object)'> (0x000000008834fb38) 
thrown [s\open\src\hotspot\share\interpreter\linkResolver.cpp, line 759]
Event: 2.959 Thread 0x000002434a456140 Exception <a 'java/lang/NoSuchMethodError'{0x000000008824dc18}: 'long java.lang.invoke.DirectMethodHandle$Holder.invokeSpecial(java.lang.Object, java.lang.Object)'> (0x000000008824dc18) 
thrown [s\open\src\hotspot\share\interpreter\linkResolver.cpp, line 759]
Event: 2.961 Thread 0x000002434a456140 Exception <a 'java/lang/NoSuchMethodError'{0x0000000088259390}: 'long java.lang.invoke.DirectMethodHandle$Holder.invokeStatic(java.lang.Object, java.lang.Object)'> (0x0000000088259390) 
thrown [s\open\src\hotspot\share\interpreter\linkResolver.cpp, line 759]
Event: 2.962 Thread 0x000002434a456140 Exception <a 'java/lang/NoSuchMethodError'{0x000000008825c988}: 'long java.lang.invoke.DirectMethodHandle$Holder.invokeStaticInit(java.lang.Object, java.lang.Object)'> (0x000000008825c988) 
thrown [s\open\src\hotspot\share\interpreter\linkResolver.cpp, line 759]
Event: 2.965 Thread 0x000002434a456140 Exception <a 'java/lang/NoSuchMethodError'{0x000000008826ad48}: 'long java.lang.invoke.DirectMethodHandle$Holder.invokeInterface(java.lang.Object, java.lang.Object)'> (0x000000008826ad48) 
thrown [s\open\src\hotspot\share\interpreter\linkResolver.cpp, line 759]
Event: 2.965 Thread 0x000002434a456140 Exception <a 'java/lang/IncompatibleClassChangeError'{0x000000008826e2d0}: Found class java.lang.Object, but interface was expected> (0x000000008826e2d0) 
thrown [s\open\src\hotspot\share\interpreter\linkResolver.cpp, line 826]
Event: 3.001 Thread 0x000002434a456140 Exception <a 'java/lang/NoSuchMethodError'{0x0000000088153940}: 'java.lang.Object java.lang.invoke.DirectMethodHandle$Holder.invokeVirtual(java.lang.Object, java.lang.Object, java.lang.Object, java.lang.Object)'> (0x0000000088153940) 
thrown [s\open\src\hotspot\share\interpreter\linkResolver.cpp, line 759]

VM Operations (20 events):
Event: 1.914 Executing VM operation: HandshakeAllThreads
Event: 1.914 Executing VM operation: HandshakeAllThreads done
Event: 2.282 Executing VM operation: HandshakeAllThreads
Event: 2.282 Executing VM operation: HandshakeAllThreads done
Event: 2.473 Executing VM operation: HandshakeAllThreads
Event: 2.473 Executing VM operation: HandshakeAllThreads done
Event: 2.473 Executing VM operation: HandshakeAllThreads
Event: 2.473 Executing VM operation: HandshakeAllThreads done
Event: 2.476 Executing VM operation: ICBufferFull
Event: 2.476 Executing VM operation: ICBufferFull done
Event: 2.544 Executing VM operation: G1CollectForAllocation
Event: 2.548 Executing VM operation: G1CollectForAllocation done
Event: 2.686 Executing VM operation: HandshakeAllThreads
Event: 2.686 Executing VM operation: HandshakeAllThreads done
Event: 2.903 Executing VM operation: HandshakeAllThreads
Event: 2.903 Executing VM operation: HandshakeAllThreads done
Event: 2.932 Executing VM operation: HandshakeAllThreads
Event: 2.932 Executing VM operation: HandshakeAllThreads done
Event: 3.034 Executing VM operation: G1CollectForAllocation
Event: 3.039 Executing VM operation: G1CollectForAllocation done

Events (20 events):
Event: 0.743 Thread 0x000002434570e330 Thread added: 0x000002434570e330
Event: 0.743 Thread 0x0000024345730c40 Thread added: 0x0000024345730c40
Event: 0.743 Thread 0x0000024345743d00 Thread added: 0x0000024345743d00
Event: 0.881 Thread 0x00000243456cfda0 Thread added: 0x00000243456cfda0
Event: 0.922 Loaded shared library C:\Program Files\Java\jdk-18.0.2.1\bin\zip.dll
Event: 0.937 Loaded shared library C:\Program Files\Java\jdk-18.0.2.1\bin\instrument.dll
Event: 0.968 Loaded shared library C:\Program Files\Java\jdk-18.0.2.1\bin\net.dll
Event: 0.970 Loaded shared library C:\Program Files\Java\jdk-18.0.2.1\bin\nio.dll
Event: 0.973 Loaded shared library C:\Program Files\Java\jdk-18.0.2.1\bin\zip.dll
Event: 1.146 Loaded shared library C:\Program Files\JetBrains\IntelliJ IDEA Community Edition 2022.3.3\bin\breakgen64.dll
Event: 1.148 Thread 0x0000024349bea3f0 Thread added: 0x0000024349bea3f0
Event: 1.148 Thread 0x0000024349c983f0 Thread added: 0x0000024349c983f0
Event: 1.333 Loaded shared library C:\Program Files\Java\jdk-18.0.2.1\bin\jimage.dll
Event: 2.316 Thread 0x000002434a456140 Thread added: 0x000002434a456140
Event: 2.467 Thread 0x000002434a456140 Thread exited: 0x000002434a456140
Event: 2.478 Thread 0x000002434a456140 Thread added: 0x000002434a456140
Event: 2.744 Thread 0x000002434aa79320 Thread added: 0x000002434aa79320
Event: 3.004 Thread 0x000002434a456140 Thread exited: 0x000002434a456140
Event: 3.068 Thread 0x000002434a456140 Thread added: 0x000002434a456140
Event: 3.119 Thread 0x000002434a456140 Thread exited: 0x000002434a456140


Dynamic libraries:
0x00007ff7504d0000 - 0x00007ff7504e0000 	C:\Program Files\Java\jdk-18.0.2.1\bin\java.exe
0x00007ffc957e0000 - 0x00007ffc959d0000 	C:\Windows\SYSTEM32\ntdll.dll
0x00007ffc94eb0000 - 0x00007ffc94f62000 	C:\Windows\System32\KERNEL32.DLL
0x00007ffc93320000 - 0x00007ffc935c5000 	C:\Windows\System32\KERNELBASE.dll
0x00007ffc93190000 - 0x00007ffc9328a000 	C:\Windows\System32\ucrtbase.dll
0x00007ffc713f0000 - 0x00007ffc71408000 	C:\Program Files\Java\jdk-18.0.2.1\bin\jli.dll
0x00007ffc714f0000 - 0x00007ffc7150a000 	C:\Program Files\Java\jdk-18.0.2.1\bin\VCRUNTIME140.dll
0x00007ffc95040000 - 0x00007ffc950e3000 	C:\Windows\System32\ADVAPI32.dll
0x00007ffc94e10000 - 0x00007ffc94eae000 	C:\Windows\System32\msvcrt.dll
0x00007ffc94340000 - 0x00007ffc943d7000 	C:\Windows\System32\sechost.dll
0x00007ffc93db0000 - 0x00007ffc93ecf000 	C:\Windows\System32\RPCRT4.dll
0x00007ffc951c0000 - 0x00007ffc95354000 	C:\Windows\System32\USER32.dll
0x00007ffc93160000 - 0x00007ffc93181000 	C:\Windows\System32\win32u.dll
0x00007ffc95190000 - 0x00007ffc951b6000 	C:\Windows\System32\GDI32.dll
0x00007ffc927f0000 - 0x00007ffc92988000 	C:\Windows\System32\gdi32full.dll
0x00007ffc92750000 - 0x00007ffc927ee000 	C:\Windows\System32\msvcp_win.dll
0x00007ffc90c60000 - 0x00007ffc90ee4000 	C:\Windows\WinSxS\amd64_microsoft.windows.common-controls_6595b64144ccf1df_6.0.18362.1556_none_9e7e372fe45e41d5\COMCTL32.dll
0x00007ffc93a70000 - 0x00007ffc93da6000 	C:\Windows\System32\combase.dll
0x00007ffc93800000 - 0x00007ffc93881000 	C:\Windows\System32\bcryptPrimitives.dll
0x00007ffc8cbc0000 - 0x00007ffc8cbca000 	C:\Windows\SYSTEM32\VERSION.dll
0x00007ffc950f0000 - 0x00007ffc9511e000 	C:\Windows\System32\IMM32.DLL
0x00007ffc7bcc0000 - 0x00007ffc7bccc000 	C:\Program Files\Java\jdk-18.0.2.1\bin\vcruntime140_1.dll
0x00007ffc65cc0000 - 0x00007ffc65d4d000 	C:\Program Files\Java\jdk-18.0.2.1\bin\msvcp140.dll
0x00007ffc58580000 - 0x00007ffc59191000 	C:\Program Files\Java\jdk-18.0.2.1\bin\server\jvm.dll
0x00007ffc95030000 - 0x00007ffc95038000 	C:\Windows\System32\PSAPI.DLL
0x00007ffc7cdf0000 - 0x00007ffc7cdf9000 	C:\Windows\SYSTEM32\WSOCK32.dll
0x00007ffc95120000 - 0x00007ffc9518f000 	C:\Windows\System32\WS2_32.dll
0x00007ffc8fa80000 - 0x00007ffc8faa4000 	C:\Windows\SYSTEM32\WINMM.dll
0x00007ffc8fa50000 - 0x00007ffc8fa7d000 	C:\Windows\SYSTEM32\WINMMBASE.dll
0x00007ffc92990000 - 0x00007ffc929da000 	C:\Windows\System32\cfgmgr32.dll
0x00007ffc926c0000 - 0x00007ffc926d1000 	C:\Windows\System32\kernel.appcore.dll
0x00007ffc7a9d0000 - 0x00007ffc7a9da000 	C:\Program Files\Java\jdk-18.0.2.1\bin\jimage.dll
0x00007ffc92160000 - 0x00007ffc92354000 	C:\Windows\SYSTEM32\DBGHELP.DLL
0x00007ffc912a0000 - 0x00007ffc912ca000 	C:\Windows\SYSTEM32\dbgcore.DLL
0x00007ffc7a100000 - 0x00007ffc7a10e000 	C:\Program Files\Java\jdk-18.0.2.1\bin\instrument.dll
0x00007ffc6d830000 - 0x00007ffc6d855000 	C:\Program Files\Java\jdk-18.0.2.1\bin\java.dll
0x00007ffc65240000 - 0x00007ffc65316000 	C:\Program Files\Java\jdk-18.0.2.1\bin\jsvml.dll
0x00007ffc94700000 - 0x00007ffc94de7000 	C:\Windows\System32\SHELL32.dll
0x00007ffc954a0000 - 0x00007ffc95548000 	C:\Windows\System32\shcore.dll
0x00007ffc929e0000 - 0x00007ffc9315b000 	C:\Windows\System32\windows.storage.dll
0x00007ffc926e0000 - 0x00007ffc926fe000 	C:\Windows\System32\profapi.dll
0x00007ffc92700000 - 0x00007ffc9274a000 	C:\Windows\System32\powrprof.dll
0x00007ffc92690000 - 0x00007ffc926a0000 	C:\Windows\System32\UMPDC.dll
0x00007ffc94610000 - 0x00007ffc94662000 	C:\Windows\System32\shlwapi.dll
0x00007ffc937e0000 - 0x00007ffc937f7000 	C:\Windows\System32\cryptsp.dll
0x00007ffc6b150000 - 0x00007ffc6b168000 	C:\Program Files\Java\jdk-18.0.2.1\bin\zip.dll
0x00007ffc6d6f0000 - 0x00007ffc6d703000 	C:\Program Files\Java\jdk-18.0.2.1\bin\net.dll
0x00007ffc82200000 - 0x00007ffc822fa000 	C:\Windows\SYSTEM32\WINHTTP.dll
0x00007ffc91bb0000 - 0x00007ffc91c17000 	C:\Windows\system32\mswsock.dll
0x00007ffc6c210000 - 0x00007ffc6c226000 	C:\Program Files\Java\jdk-18.0.2.1\bin\nio.dll
0x00007ffc66e60000 - 0x00007ffc66e7a000 	C:\Program Files\JetBrains\IntelliJ IDEA Community Edition 2022.3.3\bin\breakgen64.dll

dbghelp: loaded successfully - version: 4.0.5 - missing functions: none
symbol engine: initialized successfully - sym options: 0x614 - pdb path: .;C:\Program Files\Java\jdk-18.0.2.1\bin;C:\Windows\SYSTEM32;C:\Windows\WinSxS\amd64_microsoft.windows.common-controls_6595b64144ccf1df_6.0.18362.1556_none_9e7e372fe45e41d5;C:\Program Files\Java\jdk-18.0.2.1\bin\server;C:\Program Files\JetBrains\IntelliJ IDEA Community Edition 2022.3.3\bin

VM Arguments:
jvm_args: -javaagent:C:\Program Files\JetBrains\IntelliJ IDEA Community Edition 2022.3.3\lib\idea_rt.jar=52396:C:\Program Files\JetBrains\IntelliJ IDEA Community Edition 2022.3.3\bin -Dfile.encoding=UTF-8 -Dsun.stdout.encoding=UTF-8 -Dsun.stderr.encoding=UTF-8 
java_command: com.example.crudApp.CrudAppApplication
java_class_path (initial): C:\Users\rihab.DESKTOP-BQ1736K\Downloads\crudApp\target\classes;C:\Users\rihab.DESKTOP-BQ1736K\.m2\repository\org\springframework\boot\spring-boot-starter-data-mongodb\3.0.5\spring-boot-starter-data-mongodb-3.0.5.jar;C:\Users\rihab.DESKTOP-BQ1736K\.m2\repository\org\springframework\boot\spring-boot-starter\3.0.5\spring-boot-starter-3.0.5.jar;C:\Users\rihab.DESKTOP-BQ1736K\.m2\repository\org\springframework\boot\spring-boot\3.0.5\spring-boot-3.0.5.jar;C:\Users\rihab.DESKTOP-BQ1736K\.m2\repository\org\springframework\boot\spring-boot-autoconfigure\3.0.5\spring-boot-autoconfigure-3.0.5.jar;C:\Users\rihab.DESKTOP-BQ1736K\.m2\repository\org\springframework\boot\spring-boot-starter-logging\3.0.5\spring-boot-starter-logging-3.0.5.jar;C:\Users\rihab.DESKTOP-BQ1736K\.m2\repository\ch\qos\logback\logback-classic\1.4.6\logback-classic-1.4.6.jar;C:\Users\rihab.DESKTOP-BQ1736K\.m2\repository\ch\qos\logback\logback-core\1.4.6\logback-core-1.4.6.jar;C:\Users\rihab.DESKTOP-BQ1736K\.m2\repository\org\apache\logging\log4j\log4j-to-slf4j\2.19.0\log4j-to-slf4j-2.19.0.jar;C:\Users\rihab.DESKTOP-BQ1736K\.m2\repository\org\apache\logging\log4j\log4j-api\2.19.0\log4j-api-2.19.0.jar;C:\Users\rihab.DESKTOP-BQ1736K\.m2\repository\org\slf4j\jul-to-slf4j\2.0.7\jul-to-slf4j-2.0.7.jar;C:\Users\rihab.DESKTOP-BQ1736K\.m2\repository\jakarta\annotation\jakarta.annotation-api\2.1.1\jakarta.annotation-api-2.1.1.jar;C:\Users\rihab.DESKTOP-BQ1736K\.m2\repository\org\yaml\snakeyaml\1.33\snakeyaml-1.33.jar;C:\Users\rihab.DESKTOP-BQ1736K\.m2\repository\org\mongodb\mongodb-driver-sync\4.8.2\mongodb-driver-sync-4.8.2.jar;C:\Users\rihab.DESKTOP-BQ1736K\.m2\repository\org\mongodb\bson\4.8.2\bson-4.8.2.jar;C:\Users\rihab.DESKTOP-BQ1736K\.m2\repository\org\mongodb\mongodb-driver-core\4.8.2\mongodb-driver-core-4.8.2.jar;C:\Users\rihab.DESKTOP-BQ1736K\.m2\repository\org\mongodb\bson-record-codec\4.8.2\bson-record-codec-4.8.2.jar;C:\Users\rihab.DESKTOP-BQ1736K\.m2\repository\org\springframework\data\spring-data-mongodb\4.0.4\spring-data-mongodb-4.0.4.jar;C:\Users\rihab.DESKTOP-BQ1736K\.m2\repository\org\springframework\spring-tx\6.0.7\spring-tx-6.0.7.jar;C:\Users\rihab.DESKTOP-BQ1736K\.m2\repository\org\springframework\spring-context\6.0.7\spring-context-6.0.7.jar;C:\Users\rihab.DESKTOP-BQ1736K\.m2\repository\org\springframework\spring-beans\6.0.7\spring-beans-6.0.7.jar;C:\Users\rihab.DESKTOP-BQ1736K\.m2\repository\org\springframework\spring-expression\6.0.7\spring-expression-6.0.7.jar;C:\Users\rihab.DESKTOP-BQ1736K\.m2\repository\org\springframework\data\spring-data-commons\3.0.4\spring-data-commons-3.0.4.jar;C:\Users\rihab.DESKTOP-BQ1736K\.m2\repository\org\slf4j\slf4j-api\2.0.7\slf4j-api-2.0.7.jar;C:\Users\rihab.DESKTOP-BQ1736K\.m2\repository\org\springframework\boot\spring-boot-starter-web\3.0.5\spring-boot-starter-web-3.0.5.jar;C:\Users\rihab.DESKTOP-BQ1736K\.m2\repository\org\springframework\boot\spring-boot-starter-json\3.0.5\spring-boot-starter-json-3.0.5.jar;C:\Users\rihab.DESKTOP-BQ1736K\.m2\repository\com\fasterxml\jackson\core\jackson-databind\2.14.2\jackson-databind-2.14.2.jar;C:\Users\rihab.DESKTOP-BQ1736K\.m2\repository\com\fasterxml\jackson\core\jackson-annotations\2.14.2\jackson-annotations-2.14.2.jar;C:\Users\rihab.DESKTOP-BQ1736K\.m2\repository\com\fasterxml\jackson\core\jackson-core\2.14.2\jackson-core-2.14.2.jar;C:\Users\rihab.DESKTOP-BQ1736K\.m2\repository\com\fasterxml\jackson\datatype\jackson-datatype-jdk8\2.14.2\jackson-datatype-jdk8-2.14.2.jar;C:\Users\rihab.DESKTOP-BQ1736K\.m2\repository\com\fasterxml\jackson\datatype\jackson-datatype-jsr310\2.14.2\jackson-datatype-jsr310-2.14.2.jar;C:\Users\rihab.DESKTOP-BQ1736K\.m2\repository\com\fasterxml\jackson\module\jackson-module-parameter-names\2.14.2\jackson-module-parameter-names-2.14.2.jar;C:\Users\rihab.DESKTOP-BQ1736K\.m2\repository\org\springframework\boot\spring-boot-starter-tomcat\3.0.5\spring-boot-starter-tomcat-3.0.5.jar;C:\Users\rihab.DESKTOP-BQ1736K\.m2\repository\org\apache\tomcat\embed\tomcat-embed-core\10.1.7\tomcat-embed-core-10.1.7.jar;C:\Users\rihab.DESKTOP-BQ1736K\.m2\repository\org\apache\tomcat\embed\tomcat-embed-el\10.1.7\tomcat-embed-el-10.1.7.jar;C:\Users\rihab.DESKTOP-BQ1736K\.m2\repository\org\apache\tomcat\embed\tomcat-embed-websocket\10.1.7\tomcat-embed-websocket-10.1.7.jar;C:\Users\rihab.DESKTOP-BQ1736K\.m2\repository\org\springframework\spring-web\6.0.7\spring-web-6.0.7.jar;C:\Users\rihab.DESKTOP-BQ1736K\.m2\repository\io\micrometer\micrometer-observation\1.10.5\micrometer-observation-1.10.5.jar;C:\Users\rihab.DESKTOP-BQ1736K\.m2\repository\io\micrometer\micrometer-commons\1.10.5\micrometer-commons-1.10.5.jar;C:\Users\rihab.DESKTOP-BQ1736K\.m2\repository\org\springframework\spring-webmvc\6.0.7\spring-webmvc-6.0.7.jar;C:\Users\rihab.DESKTOP-BQ1736K\.m2\repository\org\springframework\spring-aop\6.0.7\spring-aop-6.0.7.jar;C:\Users\rihab.DESKTOP-BQ1736K\.m2\repository\org\projectlombok\lombok\1.18.26\lombok-1.18.26.jar;C:\Users\rihab.DESKTOP-BQ1736K\.m2\repository\org\springframework\spring-core\6.0.7\spring-core-6.0.7.jar;C:\Users\rihab.DESKTOP-BQ1736K\.m2\repository\org\springframework\spring-jcl\6.0.7\spring-jcl-6.0.7.jar
Launcher Type: SUN_STANDARD

[Global flags]
     intx CICompilerCount                          = 3                                         {product} {ergonomic}
     uint ConcGCThreads                            = 1                                         {product} {ergonomic}
     uint G1ConcRefinementThreads                  = 4                                         {product} {ergonomic}
   size_t G1HeapRegionSize                         = 1048576                                   {product} {ergonomic}
    uintx GCDrainStackTargetSize                   = 64                                        {product} {ergonomic}
   size_t InitialHeapSize                          = 134217728                                 {product} {ergonomic}
   size_t MarkStackSize                            = 4194304                                   {product} {ergonomic}
   size_t MaxHeapSize                              = 2118123520                                {product} {ergonomic}
   size_t MaxNewSize                               = 1270874112                                {product} {ergonomic}
   size_t MinHeapDeltaBytes                        = 1048576                                   {product} {ergonomic}
   size_t MinHeapSize                              = 8388608                                   {product} {ergonomic}
    uintx NonNMethodCodeHeapSize                   = 5832780                                {pd product} {ergonomic}
    uintx NonProfiledCodeHeapSize                  = 122912730                              {pd product} {ergonomic}
    uintx ProfiledCodeHeapSize                     = 122912730                              {pd product} {ergonomic}
    uintx ReservedCodeCacheSize                    = 251658240                              {pd product} {ergonomic}
     bool SegmentedCodeCache                       = true                                      {product} {ergonomic}
   size_t SoftMaxHeapSize                          = 2118123520                             {manageable} {ergonomic}
     bool UseCompressedClassPointers               = true                           {product lp64_product} {ergonomic}
     bool UseCompressedOops                        = true                           {product lp64_product} {ergonomic}
     bool UseG1GC                                  = true                                      {product} {ergonomic}
     bool UseLargePagesIndividualAllocation        = false                                  {pd product} {ergonomic}

Logging:
Log output configuration:
 #0: stdout all=warning uptime,level,tags foldmultilines=false
 #1: stderr all=off uptime,level,tags foldmultilines=false

Environment Variables:
JAVA_HOME=C:\Program Files\Java\jdk-18.0.2.1\bin
PATH=C:\Program Files\Common Files\Oracle\Java\javapath;C:\Windows\system32;C:\Windows;C:\Windows\System32\Wbem;C:\Windows\System32\WindowsPowerShell\v1.0\;C:\Windows\System32\OpenSSH\;C:\Program Files\Java\jre1.8.0_351\bin;C:\Program Files\PuTTY\;C:\xampp\php;C:\Program Files\Git\cmd;C:\Program Files\nodejs\;C:\ProgramData\chocolatey\bin;C:\Program Files\MongoDB\Server\6.0\bin;C:\Users\rihab.DESKTOP-BQ1736K\AppData\Local\Programs\Python\Python38\Scripts\;C:\Users\rihab.DESKTOP-BQ1736K\AppData\Local\Programs\Python\Python38\;C:\Users\rihab.DESKTOP-BQ1736K\AppData\Local\Microsoft\WindowsApps;E:\JetBrains\PyCharm Community Edition 2022.3\bin;;D:\Microsoft VS Code\bin;C:\Users\rihab.DESKTOP-BQ1736K\AppData\Roaming\npm;C:\Users\rihab.DESKTOP-BQ1736K\AppData\Local\Android\Sdk\platform-tools;C:\Program Files\MongoDB\Server\6.0\bin;C:\Users\rihab.DESKTOP-BQ1736K\Desktop\mongosh-1.8.0-win32-x64\bin;;C:\Program Files\JetBrains\IntelliJ IDEA Community Edition 2022.3.3\bin;
USERNAME=rihab
OS=Windows_NT
PROCESSOR_IDENTIFIER=Intel64 Family 6 Model 142 Stepping 9, GenuineIntel



---------------  S Y S T E M  ---------------

OS:
 Windows 10 , 64 bit Build 18362 (10.0.18362.1500)
OS uptime: 0 days 7:56 hours

CPU: total 4 (initial active 4) (2 cores per cpu, 2 threads per core) family 6 model 142 stepping 9 microcode 0xde, cx8, cmov, fxsr, ht, mmx, 3dnowpref, sse, sse2, sse3, ssse3, sse4.1, sse4.2, popcnt, lzcnt, tsc, tscinvbit, avx, avx2, aes, erms, clmul, bmi1, bmi2, adx, fma, vzeroupper, clflush, clflushopt

Memory: 4k page, system-wide physical 8072M (421M free)
TotalPageFile size 10072M (AvailPageFile size 3M)
current process WorkingSet (physical memory assigned to process): 105M, peak: 105M
current process commit charge ("private bytes"): 238M, peak: 238M

vm_info: Java HotSpot(TM) 64-Bit Server VM (18.0.2.1+1-1) for windows-amd64 JRE (18.0.2.1+1-1), built on Aug 16 2022 01:46:33 by "mach5one" with MS VC++ 16.8 / 16.9 (VS2019)

END.
